\BOOKMARK [0][-]{chapter.1}{An\341lisis}{}% 1
\BOOKMARK [1][-]{section.1.1}{Metodolog\355a de desarrollo}{chapter.1}% 2
\BOOKMARK [1][-]{section.1.2}{Especificaci\363n de requisitos del sistema}{chapter.1}% 3
\BOOKMARK [2][-]{subsection.1.2.1}{Gesti\363n de titulaciones}{section.1.2}% 4
\BOOKMARK [1][-]{section.1.3}{Modelo conceptual de datos}{chapter.1}% 5
\BOOKMARK [2][-]{subsection.1.3.1}{Diagrama de clases conceptuales}{section.1.3}% 6
\BOOKMARK [1][-]{section.1.4}{Modelo de comportamiento del sistema}{chapter.1}% 7
\BOOKMARK [2][-]{subsection.1.4.1}{Caso de uso: Registrar titulaci\363n}{section.1.4}% 8
\BOOKMARK [2][-]{subsection.1.4.2}{Caso de uso: Registrar asignatura}{section.1.4}% 9
\BOOKMARK [2][-]{subsection.1.4.3}{Caso de uso: Editar asignatura}{section.1.4}% 10
\BOOKMARK [2][-]{subsection.1.4.4}{Caso de uso: Borrar asignatura}{section.1.4}% 11
\BOOKMARK [2][-]{subsection.1.4.5}{Caso de uso: Importar asignatura}{section.1.4}% 12
\BOOKMARK [2][-]{subsection.1.4.6}{Caso de uso: Crear plan docente}{section.1.4}% 13
\BOOKMARK [2][-]{subsection.1.4.7}{Caso de uso: Generar informe de asignatura}{section.1.4}% 14
\BOOKMARK [2][-]{subsection.1.4.8}{Caso de uso: A\361adir evento al calendario}{section.1.4}% 15
\BOOKMARK [2][-]{subsection.1.4.9}{Caso de uso: Exportar calendario}{section.1.4}% 16
\BOOKMARK [2][-]{subsection.1.4.10}{Caso de uso: Seleccionar grupos de teor\355a}{section.1.4}% 17
\BOOKMARK [2][-]{subsection.1.4.11}{Caso de uso: A\361adir grupo de teor\355a}{section.1.4}% 18
\BOOKMARK [2][-]{subsection.1.4.12}{Caso de uso: Eliminar grupo de teor\355a}{section.1.4}% 19
\BOOKMARK [2][-]{subsection.1.4.13}{Caso de uso: Ubicar slot de horario}{section.1.4}% 20
\BOOKMARK [2][-]{subsection.1.4.14}{Caso de uso: Editar horario tipo}{section.1.4}% 21
\BOOKMARK [2][-]{subsection.1.4.15}{Caso de uso: Comprobar grupo de teor\355a}{section.1.4}% 22
\BOOKMARK [2][-]{subsection.1.4.16}{Caso de uso: Crear aula}{section.1.4}% 23
\BOOKMARK [2][-]{subsection.1.4.17}{Caso de uso: Borrar aula}{section.1.4}% 24
\BOOKMARK [2][-]{subsection.1.4.18}{Caso de uso: Editar aula}{section.1.4}% 25
