This is pdfTeX, Version 3.1415926-2.3-1.40.12 (MiKTeX 2.9) (preloaded format=pdflatex 2011.11.28)  1 DEC 2011 19:37
entering extended mode
**C:/gestiongrados/gestiongrados/doc/memoria/casos_uso/casos_uso.tex
(C:/gestiongrados/gestiongrados/doc/memoria/casos_uso/casos_uso.tex
LaTeX2e <2011/06/27>
Babel <v3.8m> and hyphenation patterns for english, afrikaans, ancientgreek, ar
abic, armenian, assamese, basque, bengali, bokmal, bulgarian, catalan, coptic, 
croatian, czech, danish, dutch, esperanto, estonian, farsi, finnish, french, ga
lician, german, german-x-2009-06-19, greek, gujarati, hindi, hungarian, iceland
ic, indonesian, interlingua, irish, italian, kannada, kurmanji, lao, latin, lat
vian, lithuanian, malayalam, marathi, mongolian, mongolianlmc, monogreek, ngerm
an, ngerman-x-2009-06-19, nynorsk, oriya, panjabi, pinyin, polish, portuguese, 
romanian, russian, sanskrit, serbian, slovak, slovenian, spanish, swedish, swis
sgerman, tamil, telugu, turkish, turkmen, ukenglish, ukrainian, uppersorbian, u
senglishmax, welsh, loaded.
("C:\Program Files (x86)\MiKTeX 2.9\tex\latex\base\book.cls"
Document Class: book 2007/10/19 v1.4h Standard LaTeX document class
("C:\Program Files (x86)\MiKTeX 2.9\tex\latex\base\bk10.clo"
File: bk10.clo 2007/10/19 v1.4h Standard LaTeX file (size option)
)
\c@part=\count79
\c@chapter=\count80
\c@section=\count81
\c@subsection=\count82
\c@subsubsection=\count83
\c@paragraph=\count84
\c@subparagraph=\count85
\c@figure=\count86
\c@table=\count87
\abovecaptionskip=\skip41
\belowcaptionskip=\skip42
\bibindent=\dimen102
)
("C:\Program Files (x86)\MiKTeX 2.9\tex\latex\base\inputenc.sty"
Package: inputenc 2008/03/30 v1.1d Input encoding file
\inpenc@prehook=\toks14
\inpenc@posthook=\toks15

("C:\Program Files (x86)\MiKTeX 2.9\tex\latex\base\utf8.def"
File: utf8.def 2008/04/05 v1.1m UTF-8 support for inputenc
Now handling font encoding OML ...
... no UTF-8 mapping file for font encoding OML
Now handling font encoding T1 ...
... processing UTF-8 mapping file for font encoding T1

("C:\Program Files (x86)\MiKTeX 2.9\tex\latex\base\t1enc.dfu"
File: t1enc.dfu 2008/04/05 v1.1m UTF-8 support for inputenc
   defining Unicode char U+00A1 (decimal 161)
   defining Unicode char U+00A3 (decimal 163)
   defining Unicode char U+00AB (decimal 171)
   defining Unicode char U+00BB (decimal 187)
   defining Unicode char U+00BF (decimal 191)
   defining Unicode char U+00C0 (decimal 192)
   defining Unicode char U+00C1 (decimal 193)
   defining Unicode char U+00C2 (decimal 194)
   defining Unicode char U+00C3 (decimal 195)
   defining Unicode char U+00C4 (decimal 196)
   defining Unicode char U+00C5 (decimal 197)
   defining Unicode char U+00C6 (decimal 198)
   defining Unicode char U+00C7 (decimal 199)
   defining Unicode char U+00C8 (decimal 200)
   defining Unicode char U+00C9 (decimal 201)
   defining Unicode char U+00CA (decimal 202)
   defining Unicode char U+00CB (decimal 203)
   defining Unicode char U+00CC (decimal 204)
   defining Unicode char U+00CD (decimal 205)
   defining Unicode char U+00CE (decimal 206)
   defining Unicode char U+00CF (decimal 207)
   defining Unicode char U+00D0 (decimal 208)
   defining Unicode char U+00D1 (decimal 209)
   defining Unicode char U+00D2 (decimal 210)
   defining Unicode char U+00D3 (decimal 211)
   defining Unicode char U+00D4 (decimal 212)
   defining Unicode char U+00D5 (decimal 213)
   defining Unicode char U+00D6 (decimal 214)
   defining Unicode char U+00D8 (decimal 216)
   defining Unicode char U+00D9 (decimal 217)
   defining Unicode char U+00DA (decimal 218)
   defining Unicode char U+00DB (decimal 219)
   defining Unicode char U+00DC (decimal 220)
   defining Unicode char U+00DD (decimal 221)
   defining Unicode char U+00DE (decimal 222)
   defining Unicode char U+00DF (decimal 223)
   defining Unicode char U+00E0 (decimal 224)
   defining Unicode char U+00E1 (decimal 225)
   defining Unicode char U+00E2 (decimal 226)
   defining Unicode char U+00E3 (decimal 227)
   defining Unicode char U+00E4 (decimal 228)
   defining Unicode char U+00E5 (decimal 229)
   defining Unicode char U+00E6 (decimal 230)
   defining Unicode char U+00E7 (decimal 231)
   defining Unicode char U+00E8 (decimal 232)
   defining Unicode char U+00E9 (decimal 233)
   defining Unicode char U+00EA (decimal 234)
   defining Unicode char U+00EB (decimal 235)
   defining Unicode char U+00EC (decimal 236)
   defining Unicode char U+00ED (decimal 237)
   defining Unicode char U+00EE (decimal 238)
   defining Unicode char U+00EF (decimal 239)
   defining Unicode char U+00F0 (decimal 240)
   defining Unicode char U+00F1 (decimal 241)
   defining Unicode char U+00F2 (decimal 242)
   defining Unicode char U+00F3 (decimal 243)
   defining Unicode char U+00F4 (decimal 244)
   defining Unicode char U+00F5 (decimal 245)
   defining Unicode char U+00F6 (decimal 246)
   defining Unicode char U+00F8 (decimal 248)
   defining Unicode char U+00F9 (decimal 249)
   defining Unicode char U+00FA (decimal 250)
   defining Unicode char U+00FB (decimal 251)
   defining Unicode char U+00FC (decimal 252)
   defining Unicode char U+00FD (decimal 253)
   defining Unicode char U+00FE (decimal 254)
   defining Unicode char U+00FF (decimal 255)
   defining Unicode char U+0102 (decimal 258)
   defining Unicode char U+0103 (decimal 259)
   defining Unicode char U+0104 (decimal 260)
   defining Unicode char U+0105 (decimal 261)
   defining Unicode char U+0106 (decimal 262)
   defining Unicode char U+0107 (decimal 263)
   defining Unicode char U+010C (decimal 268)
   defining Unicode char U+010D (decimal 269)
   defining Unicode char U+010E (decimal 270)
   defining Unicode char U+010F (decimal 271)
   defining Unicode char U+0110 (decimal 272)
   defining Unicode char U+0111 (decimal 273)
   defining Unicode char U+0118 (decimal 280)
   defining Unicode char U+0119 (decimal 281)
   defining Unicode char U+011A (decimal 282)
   defining Unicode char U+011B (decimal 283)
   defining Unicode char U+011E (decimal 286)
   defining Unicode char U+011F (decimal 287)
   defining Unicode char U+0130 (decimal 304)
   defining Unicode char U+0131 (decimal 305)
   defining Unicode char U+0132 (decimal 306)
   defining Unicode char U+0133 (decimal 307)
   defining Unicode char U+0139 (decimal 313)
   defining Unicode char U+013A (decimal 314)
   defining Unicode char U+013D (decimal 317)
   defining Unicode char U+013E (decimal 318)
   defining Unicode char U+0141 (decimal 321)
   defining Unicode char U+0142 (decimal 322)
   defining Unicode char U+0143 (decimal 323)
   defining Unicode char U+0144 (decimal 324)
   defining Unicode char U+0147 (decimal 327)
   defining Unicode char U+0148 (decimal 328)
   defining Unicode char U+014A (decimal 330)
   defining Unicode char U+014B (decimal 331)
   defining Unicode char U+0150 (decimal 336)
   defining Unicode char U+0151 (decimal 337)
   defining Unicode char U+0152 (decimal 338)
   defining Unicode char U+0153 (decimal 339)
   defining Unicode char U+0154 (decimal 340)
   defining Unicode char U+0155 (decimal 341)
   defining Unicode char U+0158 (decimal 344)
   defining Unicode char U+0159 (decimal 345)
   defining Unicode char U+015A (decimal 346)
   defining Unicode char U+015B (decimal 347)
   defining Unicode char U+015E (decimal 350)
   defining Unicode char U+015F (decimal 351)
   defining Unicode char U+0160 (decimal 352)
   defining Unicode char U+0161 (decimal 353)
   defining Unicode char U+0162 (decimal 354)
   defining Unicode char U+0163 (decimal 355)
   defining Unicode char U+0164 (decimal 356)
   defining Unicode char U+0165 (decimal 357)
   defining Unicode char U+016E (decimal 366)
   defining Unicode char U+016F (decimal 367)
   defining Unicode char U+0170 (decimal 368)
   defining Unicode char U+0171 (decimal 369)
   defining Unicode char U+0178 (decimal 376)
   defining Unicode char U+0179 (decimal 377)
   defining Unicode char U+017A (decimal 378)
   defining Unicode char U+017B (decimal 379)
   defining Unicode char U+017C (decimal 380)
   defining Unicode char U+017D (decimal 381)
   defining Unicode char U+017E (decimal 382)
   defining Unicode char U+200C (decimal 8204)
   defining Unicode char U+2013 (decimal 8211)
   defining Unicode char U+2014 (decimal 8212)
   defining Unicode char U+2018 (decimal 8216)
   defining Unicode char U+2019 (decimal 8217)
   defining Unicode char U+201A (decimal 8218)
   defining Unicode char U+201C (decimal 8220)
   defining Unicode char U+201D (decimal 8221)
   defining Unicode char U+201E (decimal 8222)
   defining Unicode char U+2030 (decimal 8240)
   defining Unicode char U+2031 (decimal 8241)
   defining Unicode char U+2039 (decimal 8249)
   defining Unicode char U+203A (decimal 8250)
   defining Unicode char U+2423 (decimal 9251)
)
Now handling font encoding OT1 ...
... processing UTF-8 mapping file for font encoding OT1

("C:\Program Files (x86)\MiKTeX 2.9\tex\latex\base\ot1enc.dfu"
File: ot1enc.dfu 2008/04/05 v1.1m UTF-8 support for inputenc
   defining Unicode char U+00A1 (decimal 161)
   defining Unicode char U+00A3 (decimal 163)
   defining Unicode char U+00B8 (decimal 184)
   defining Unicode char U+00BF (decimal 191)
   defining Unicode char U+00C5 (decimal 197)
   defining Unicode char U+00C6 (decimal 198)
   defining Unicode char U+00D8 (decimal 216)
   defining Unicode char U+00DF (decimal 223)
   defining Unicode char U+00E6 (decimal 230)
   defining Unicode char U+00EC (decimal 236)
   defining Unicode char U+00ED (decimal 237)
   defining Unicode char U+00EE (decimal 238)
   defining Unicode char U+00EF (decimal 239)
   defining Unicode char U+00F8 (decimal 248)
   defining Unicode char U+0131 (decimal 305)
   defining Unicode char U+0141 (decimal 321)
   defining Unicode char U+0142 (decimal 322)
   defining Unicode char U+0152 (decimal 338)
   defining Unicode char U+0153 (decimal 339)
   defining Unicode char U+2013 (decimal 8211)
   defining Unicode char U+2014 (decimal 8212)
   defining Unicode char U+2018 (decimal 8216)
   defining Unicode char U+2019 (decimal 8217)
   defining Unicode char U+201C (decimal 8220)
   defining Unicode char U+201D (decimal 8221)
)
Now handling font encoding OMS ...
... processing UTF-8 mapping file for font encoding OMS

("C:\Program Files (x86)\MiKTeX 2.9\tex\latex\base\omsenc.dfu"
File: omsenc.dfu 2008/04/05 v1.1m UTF-8 support for inputenc
   defining Unicode char U+00A7 (decimal 167)
   defining Unicode char U+00B6 (decimal 182)
   defining Unicode char U+00B7 (decimal 183)
   defining Unicode char U+2020 (decimal 8224)
   defining Unicode char U+2021 (decimal 8225)
   defining Unicode char U+2022 (decimal 8226)
)
Now handling font encoding OMX ...
... no UTF-8 mapping file for font encoding OMX
Now handling font encoding U ...
... no UTF-8 mapping file for font encoding U
   defining Unicode char U+00A9 (decimal 169)
   defining Unicode char U+00AA (decimal 170)
   defining Unicode char U+00AE (decimal 174)
   defining Unicode char U+00BA (decimal 186)
   defining Unicode char U+02C6 (decimal 710)
   defining Unicode char U+02DC (decimal 732)
   defining Unicode char U+200C (decimal 8204)
   defining Unicode char U+2026 (decimal 8230)
   defining Unicode char U+2122 (decimal 8482)
   defining Unicode char U+2423 (decimal 9251)
))
("C:\Program Files (x86)\MiKTeX 2.9\tex\generic\babel\babel.sty"
Package: babel 2008/07/08 v3.8m The Babel package

*************************************
* Local config file bblopts.cfg used
*
("C:\Program Files (x86)\MiKTeX 2.9\tex\latex\00miktex\bblopts.cfg"
File: bblopts.cfg 2006/07/31 v1.0 MiKTeX 'babel' configuration
)
("C:\Program Files (x86)\MiKTeX 2.9\tex\generic\babel\spanish.ldf"
Language: spanish.ldf 2009/01/02 v5.0h Spanish support from the babel system

("C:\Program Files (x86)\MiKTeX 2.9\tex\generic\babel\babel.def"
File: babel.def 2008/07/08 v3.8m Babel common definitions
\babel@savecnt=\count88
\U@D=\dimen103
)
\es@datefmt=\count89
\es@quottoks=\toks16
\es@quotdepth=\count90
Package babel Info: Making " an active character on input line 492.
Package babel Info: Making . an active character on input line 585.
Package babel Info: Making < an active character on input line 630.
Package babel Info: Making > an active character on input line 630.
))
("C:\Program Files (x86)\MiKTeX 2.9\tex\latex\tools\verbatim.sty"
Package: verbatim 2003/08/22 v1.5q LaTeX2e package for verbatim enhancements
\every@verbatim=\toks17
\verbatim@line=\toks18
\verbatim@in@stream=\read1
)
("C:\Program Files (x86)\MiKTeX 2.9\tex\latex\hyperref\hyperref.sty"
Package: hyperref 2011/08/19 v6.82h Hypertext links for LaTeX

("C:\Program Files (x86)\MiKTeX 2.9\tex\generic\oberdiek\hobsub-hyperref.sty"
Package: hobsub-hyperref 2011/04/23 v1.4 Bundle oberdiek, subset hyperref (HO)

("C:\Program Files (x86)\MiKTeX 2.9\tex\generic\oberdiek\hobsub-generic.sty"
Package: hobsub-generic 2011/04/23 v1.4 Bundle oberdiek, subset generic (HO)
Package: hobsub 2011/04/23 v1.4 Subsetting bundle oberdiek (HO)
Package: infwarerr 2010/04/08 v1.3 Providing info/warning/message (HO)
Package: ltxcmds 2011/04/18 v1.20 LaTeX kernel commands for general use (HO)
Package: ifluatex 2010/03/01 v1.3 Provides the ifluatex switch (HO)
Package ifluatex Info: LuaTeX not detected.
Package: ifvtex 2010/03/01 v1.5 Switches for detecting VTeX and its modes (HO)
Package ifvtex Info: VTeX not detected.
Package: intcalc 2007/09/27 v1.1 Expandable integer calculations (HO)
Package: ifpdf 2011/01/30 v2.3 Provides the ifpdf switch (HO)
Package ifpdf Info: pdfTeX in PDF mode is detected.
Package: etexcmds 2011/02/16 v1.5 Prefix for e-TeX command names (HO)
Package etexcmds Info: Could not find \expanded.
(etexcmds)             That can mean that you are not using pdfTeX 1.50 or
(etexcmds)             that some package has redefined \expanded.
(etexcmds)             In the latter case, load this package earlier.
Package: kvsetkeys 2011/04/07 v1.13 Key value parser (HO)
Package: kvdefinekeys 2011/04/07 v1.3 Defining keys (HO)
Package: pdftexcmds 2011/04/22 v0.16 Utilities of pdfTeX for LuaTeX (HO)
Package pdftexcmds Info: LuaTeX not detected.
Package pdftexcmds Info: \pdf@primitive is available.
Package pdftexcmds Info: \pdf@ifprimitive is available.
Package pdftexcmds Info: \pdfdraftmode found.
Package: pdfescape 2011/04/04 v1.12 Provides string conversions (HO)
Package: bigintcalc 2011/01/30 v1.2 Expandable big integer calculations (HO)
Package: bitset 2011/01/30 v1.1 Data type bit set (HO)
Package: uniquecounter 2011/01/30 v1.2 Provides unlimited unique counter (HO)
)
Package hobsub Info: Skipping package `hobsub' (already loaded).
Package: letltxmacro 2010/09/02 v1.4 Let assignment for LaTeX macros (HO)
Package: hopatch 2011/01/30 v1.0 Wrapper for package hooks (HO)
Package: xcolor-patch 2011/01/30 xcolor patch
Package: atveryend 2011/04/23 v1.7 Hooks at very end of document (HO)
Package: atbegshi 2011/01/30 v1.15 At begin shipout hook (HO)
Package: refcount 2010/12/01 v3.2 Data extraction from references (HO)
Package: hycolor 2011/01/30 v1.7 Color options of hyperref/bookmark (HO)
)
("C:\Program Files (x86)\MiKTeX 2.9\tex\latex\graphics\keyval.sty"
Package: keyval 1999/03/16 v1.13 key=value parser (DPC)
\KV@toks@=\toks19
)
("C:\Program Files (x86)\MiKTeX 2.9\tex\generic\ifxetex\ifxetex.sty"
Package: ifxetex 2010/09/12 v0.6 Provides ifxetex conditional
)
("C:\Program Files (x86)\MiKTeX 2.9\tex\latex\oberdiek\kvoptions.sty"
Package: kvoptions 2010/12/23 v3.10 Keyval support for LaTeX options (HO)
)
\@linkdim=\dimen104
\Hy@linkcounter=\count91
\Hy@pagecounter=\count92

("C:\Program Files (x86)\MiKTeX 2.9\tex\latex\hyperref\pd1enc.def"
File: pd1enc.def 2011/08/19 v6.82h Hyperref: PDFDocEncoding definition (HO)
Now handling font encoding PD1 ...
... no UTF-8 mapping file for font encoding PD1
)
\Hy@SavedSpaceFactor=\count93

("C:\Program Files (x86)\MiKTeX 2.9\tex\latex\00miktex\hyperref.cfg"
File: hyperref.cfg 2002/06/06 v1.2 hyperref configuration of TeXLive
)
Package hyperref Info: Hyper figures OFF on input line 4053.
Package hyperref Info: Link nesting OFF on input line 4058.
Package hyperref Info: Hyper index ON on input line 4061.
Package hyperref Info: Plain pages OFF on input line 4068.
Package hyperref Info: Backreferencing OFF on input line 4073.
Package hyperref Info: Implicit mode ON; LaTeX internals redefined.
Package hyperref Info: Bookmarks ON on input line 4291.
\c@Hy@tempcnt=\count94

("C:\Program Files (x86)\MiKTeX 2.9\tex\latex\ltxmisc\url.sty"
\Urlmuskip=\muskip10
Package: url 2006/04/12  ver 3.3  Verb mode for urls, etc.
)
LaTeX Info: Redefining \url on input line 4644.
\Fld@menulength=\count95
\Field@Width=\dimen105
\Fld@charsize=\dimen106
Package hyperref Info: Hyper figures OFF on input line 5730.
Package hyperref Info: Link nesting OFF on input line 5735.
Package hyperref Info: Hyper index ON on input line 5738.
Package hyperref Info: backreferencing OFF on input line 5745.
Package hyperref Info: Link coloring OFF on input line 5750.
Package hyperref Info: Link coloring with OCG OFF on input line 5755.
Package hyperref Info: PDF/A mode OFF on input line 5760.
LaTeX Info: Redefining \ref on input line 5800.
LaTeX Info: Redefining \pageref on input line 5804.
\Hy@abspage=\count96
\c@Item=\count97
\c@Hfootnote=\count98
)

Package hyperref Message: Driver (autodetected): hpdftex.

("C:\Program Files (x86)\MiKTeX 2.9\tex\latex\hyperref\hpdftex.def"
File: hpdftex.def 2011/08/19 v6.82h Hyperref driver for pdfTeX
\Fld@listcount=\count99
\c@bookmark@seq@number=\count100

("C:\Program Files (x86)\MiKTeX 2.9\tex\latex\oberdiek\rerunfilecheck.sty"
Package: rerunfilecheck 2011/04/15 v1.7 Rerun checks for auxiliary files (HO)
Package uniquecounter Info: New unique counter `rerunfilecheck' on input line 2
82.
)
\Hy@SectionHShift=\skip43
)
("C:\Program Files (x86)\MiKTeX 2.9\tex\latex\geometry\geometry.sty"
Package: geometry 2010/09/12 v5.6 Page Geometry
\Gm@cnth=\count101
\Gm@cntv=\count102
\c@Gm@tempcnt=\count103
\Gm@bindingoffset=\dimen107
\Gm@wd@mp=\dimen108
\Gm@odd@mp=\dimen109
\Gm@even@mp=\dimen110
\Gm@layoutwidth=\dimen111
\Gm@layoutheight=\dimen112
\Gm@layouthoffset=\dimen113
\Gm@layoutvoffset=\dimen114
\Gm@dimlist=\toks20

("C:\Program Files (x86)\MiKTeX 2.9\tex\latex\geometry\geometry.cfg"))
("C:\Program Files (x86)\MiKTeX 2.9\tex\latex\graphics\graphicx.sty"
Package: graphicx 1999/02/16 v1.0f Enhanced LaTeX Graphics (DPC,SPQR)

("C:\Program Files (x86)\MiKTeX 2.9\tex\latex\graphics\graphics.sty"
Package: graphics 2009/02/05 v1.0o Standard LaTeX Graphics (DPC,SPQR)

("C:\Program Files (x86)\MiKTeX 2.9\tex\latex\graphics\trig.sty"
Package: trig 1999/03/16 v1.09 sin cos tan (DPC)
)
("C:\Program Files (x86)\MiKTeX 2.9\tex\latex\00miktex\graphics.cfg"
File: graphics.cfg 2007/01/18 v1.5 graphics configuration of teTeX/TeXLive
)
Package graphics Info: Driver file: pdftex.def on input line 91.

("C:\Program Files (x86)\MiKTeX 2.9\tex\latex\pdftex-def\pdftex.def"
File: pdftex.def 2011/05/27 v0.06d Graphics/color for pdfTeX
\Gread@gobject=\count104
))
\Gin@req@height=\dimen115
\Gin@req@width=\dimen116
)
(C:\Users\Dani\AppData\Roaming\MiKTeX\2.9\tex\latex\caption\caption.sty
Package: caption 2011/11/10 v3.2e Customizing captions (AR)

(C:\Users\Dani\AppData\Roaming\MiKTeX\2.9\tex\latex\caption\caption3.sty
Package: caption3 2011/11/01 v1.4a caption3 kernel (AR)
\captionmargin=\dimen117
\captionmargin@=\dimen118
\captionwidth=\dimen119
\caption@indent=\dimen120
\caption@parindent=\dimen121
\caption@hangindent=\dimen122
)
\c@ContinuedFloat=\count105
Package caption Info: hyperref package is loaded.
)
("C:\Program Files (x86)\MiKTeX 2.9\tex\latex\float\float.sty"
Package: float 2001/11/08 v1.3d Float enhancements (AL)
\c@float@type=\count106
\float@exts=\toks21
\float@box=\box26
\@float@everytoks=\toks22
\@floatcapt=\box27
)
Package hyperref Info: Option `colorlinks' set `true' on input line 15.

(C:\gestiongrados\gestiongrados\doc\memoria\casos_uso\casos_uso.aux)
LaTeX Font Info:    Checking defaults for OML/cmm/m/it on input line 20.
LaTeX Font Info:    ... okay on input line 20.
LaTeX Font Info:    Checking defaults for T1/cmr/m/n on input line 20.
LaTeX Font Info:    ... okay on input line 20.
LaTeX Font Info:    Checking defaults for OT1/cmr/m/n on input line 20.
LaTeX Font Info:    ... okay on input line 20.
LaTeX Font Info:    Checking defaults for OMS/cmsy/m/n on input line 20.
LaTeX Font Info:    ... okay on input line 20.
LaTeX Font Info:    Checking defaults for OMX/cmex/m/n on input line 20.
LaTeX Font Info:    ... okay on input line 20.
LaTeX Font Info:    Checking defaults for U/cmr/m/n on input line 20.
LaTeX Font Info:    ... okay on input line 20.
LaTeX Font Info:    Checking defaults for PD1/pdf/m/n on input line 20.
LaTeX Font Info:    ... okay on input line 20.
\AtBeginShipoutBox=\box28

("C:\Program Files (x86)\MiKTeX 2.9\tex\latex\graphics\color.sty"
Package: color 2005/11/14 v1.0j Standard LaTeX Color (DPC)

("C:\Program Files (x86)\MiKTeX 2.9\tex\latex\00miktex\color.cfg"
File: color.cfg 2007/01/18 v1.5 color configuration of teTeX/TeXLive
)
Package color Info: Driver file: pdftex.def on input line 130.
)
Package hyperref Info: Link coloring ON on input line 20.

("C:\Program Files (x86)\MiKTeX 2.9\tex\latex\hyperref\nameref.sty"
Package: nameref 2010/04/30 v2.40 Cross-referencing by name of section

("C:\Program Files (x86)\MiKTeX 2.9\tex\generic\oberdiek\gettitlestring.sty"
Package: gettitlestring 2010/12/03 v1.4 Cleanup title references (HO)
)
\c@section@level=\count107
)
LaTeX Info: Redefining \ref on input line 20.
LaTeX Info: Redefining \pageref on input line 20.
LaTeX Info: Redefining \nameref on input line 20.

(C:\gestiongrados\gestiongrados\doc\memoria\casos_uso\casos_uso.out)
(C:\gestiongrados\gestiongrados\doc\memoria\casos_uso\casos_uso.out)
\@outlinefile=\write3

*geometry* driver: auto-detecting
*geometry* detected driver: pdftex
*geometry* verbose mode - [ preamble ] result:
* driver: pdftex
* paper: <default>
* layout: <same size as paper>
* layoutoffset:(h,v)=(0.0pt,0.0pt)
* modes: twoside 
* h-part:(L,W,R)=(71.13188pt, 472.03123pt, 71.13188pt)
* v-part:(T,H,B)=(99.58464pt, 595.8007pt, 99.58464pt)
* \paperwidth=614.295pt
* \paperheight=794.96999pt
* \textwidth=472.03123pt
* \textheight=595.8007pt
* \oddsidemargin=-1.1381pt
* \evensidemargin=-1.1381pt
* \topmargin=-2.75284pt
* \headheight=12.0pt
* \headsep=18.06749pt
* \topskip=10.0pt
* \footskip=25.29494pt
* \marginparwidth=125.0pt
* \marginparsep=7.0pt
* \columnsep=10.0pt
* \skip\footins=9.0pt plus 4.0pt minus 2.0pt
* \hoffset=0.0pt
* \voffset=0.0pt
* \mag=1000
* \@twocolumnfalse
* \@twosidetrue
* \@mparswitchtrue
* \@reversemarginfalse
* (1in=72.27pt=25.4mm, 1cm=28.453pt)

(C:\Users\Dani\AppData\Roaming\MiKTeX\2.9\tex\context\base\supp-pdf.mkii
[Loading MPS to PDF converter (version 2006.09.02).]
\scratchcounter=\count108
\scratchdimen=\dimen123
\scratchbox=\box29
\nofMPsegments=\count109
\nofMParguments=\count110
\everyMPshowfont=\toks23
\MPscratchCnt=\count111
\MPscratchDim=\dimen124
\MPnumerator=\count112
\makeMPintoPDFobject=\count113
\everyMPtoPDFconversion=\toks24
)
Package caption Info: Begin \AtBeginDocument code.
Package caption Info: float package is loaded.
Package caption Info: End \AtBeginDocument code.
LaTeX Font Info:    External font `cmex10' loaded for size
(Font)              <12> on input line 22.
LaTeX Font Info:    External font `cmex10' loaded for size
(Font)              <8> on input line 22.
LaTeX Font Info:    External font `cmex10' loaded for size
(Font)              <6> on input line 22.
 [1


{C:/Users/Dani/AppData/Local/MiKTeX/2.9/pdftex/config/pdftex.map}] [2

]
Cap\'{\i }tulo 1.
<./gestiontitulaciones.png, id=115, 616.3025pt x 503.8825pt>
File: ./gestiontitulaciones.png Graphic file (type png)

<use ./gestiontitulaciones.png>
Package pdftex.def Info: ./gestiontitulaciones.png used on input line 36.
(pdftex.def)             Requested size: 308.1505pt x 251.94063pt.

Underfull \vbox (badness 10000) has occurred while \output is active []

 [3]
[4 <C:/gestiongrados/gestiongrados/doc/memoria/casos_uso/gestiontitulaciones.pn
g (PNG copy)>] [5] [6]
<./gestionasignaturas.png, id=172, 640.3925pt x 658.46pt>
File: ./gestionasignaturas.png Graphic file (type png)

<use ./gestionasignaturas.png>
Package pdftex.def Info: ./gestionasignaturas.png used on input line 212.
(pdftex.def)             Requested size: 320.19547pt x 329.2292pt.
 [7 <C:/gestiongrados/gestiongrados/doc/memoria/casos_uso/gestionasignaturas.pn
g (PNG copy)>]

LaTeX Warning: Hyper reference `duplicar_asignatura' on page 8 undefined on inp
ut line 258.

[8] [9] <./gestioncursos.png, id=231, 749.80125pt x 499.8675pt>
File: ./gestioncursos.png Graphic file (type png)

<use ./gestioncursos.png>
Package pdftex.def Info: ./gestioncursos.png used on input line 397.
(pdftex.def)             Requested size: 374.8997pt x 249.93314pt.
 [10] [11 <C:/gestiongrados/gestiongrados/doc/memoria/casos_uso/gestioncursos.p
ng (PNG copy)>]

LaTeX Warning: Hyper reference `select_curso' on page 12 undefined on input lin
e 472.

[12]

LaTeX Warning: Hyper reference `select_curso' on page 13 undefined on input lin
e 513.


LaTeX Warning: Hyper reference `select_curso' on page 13 undefined on input lin
e 535.

<./gestionplanificacion.png, id=277, 780.9175pt x 595.22375pt>
File: ./gestionplanificacion.png Graphic file (type png)

<use ./gestionplanificacion.png>
Package pdftex.def Info: ./gestionplanificacion.png used on input line 558.
(pdftex.def)             Requested size: 390.4578pt x 297.61115pt.
 [13]

LaTeX Warning: Hyper reference `select_curso' on page 14 undefined on input lin
e 571.

[14 <C:/gestiongrados/gestiongrados/doc/memoria/casos_uso/gestionplanificacion.
png (PNG copy)>]

LaTeX Warning: Hyper reference `duplicar_carga' on page 15 undefined on input l
ine 585.


LaTeX Warning: Hyper reference `select_curso' on page 15 undefined on input lin
e 613.

[15]

LaTeX Warning: Hyper reference `select_curso' on page 16 undefined on input lin
e 652.


LaTeX Warning: Hyper reference `select_curso' on page 16 undefined on input lin
e 686.

[16]

LaTeX Warning: Hyper reference `select_curso' on page 17 undefined on input lin
e 740.

<./gestioncalendario.png, id=357, 706.64pt x 630.355pt>
File: ./gestioncalendario.png Graphic file (type png)

<use ./gestioncalendario.png>
Package pdftex.def Info: ./gestioncalendario.png used on input line 850.
(pdftex.def)             Requested size: 353.31914pt x 315.17673pt.
 [17]

LaTeX Warning: Hyper reference `select_curso' on page 18 undefined on input lin
e 864.

[18 <C:/gestiongrados/gestiongrados/doc/memoria/casos_uso/gestioncalendario.png
 (PNG copy)>]

LaTeX Warning: Hyper reference `select_curso' on page 19 undefined on input lin
e 896.


LaTeX Warning: Hyper reference `select_curso' on page 19 undefined on input lin
e 924.

[19]

LaTeX Warning: Hyper reference `select_curso' on page 20 undefined on input lin
e 979.


LaTeX Warning: Hyper reference `select_curso' on page 20 undefined on input lin
e 998.

<./gestionhorarios.png, id=404, 978.65625pt x 868.24374pt>
File: ./gestionhorarios.png Graphic file (type png)

<use ./gestionhorarios.png>
Package pdftex.def Info: ./gestionhorarios.png used on input line 1015.
(pdftex.def)             Requested size: 489.32693pt x 434.1208pt.

Overfull \hbox (17.2957pt too wide) in paragraph at lines 1015--1016
 [] 
 []


Underfull \vbox (badness 1389) has occurred while \output is active []

 [20]
[21 <C:/gestiongrados/gestiongrados/doc/memoria/casos_uso/gestionhorarios.png (
PNG copy)>]

LaTeX Warning: Hyper reference `select_curso' on page 22 undefined on input lin
e 1029.

[22] [23] [24] <./gestionaulas.png, id=491, 707.64375pt x 552.0625pt>
File: ./gestionaulas.png Graphic file (type png)

<use ./gestionaulas.png>
Package pdftex.def Info: ./gestionaulas.png used on input line 1242.
(pdftex.def)             Requested size: 353.82101pt x 276.03056pt.
 [25] [26 <C:/gestiongrados/gestiongrados/doc/memoria/casos_uso/gestionaulas.pn
g (PNG copy)>] [27]
<./modeloconceptual.png, id=535, 764.8575pt x 691.58376pt>
File: ./modeloconceptual.png Graphic file (type png)

<use ./modeloconceptual.png>
Package pdftex.def Info: ./modeloconceptual.png used on input line 1351.
(pdftex.def)             Requested size: 535.39659pt x 484.10533pt.

Overfull \hbox (63.36536pt too wide) in paragraph at lines 1351--1352
 [] 
 []


Underfull \vbox (badness 10000) has occurred while \output is active []

 [28]
Underfull \vbox (badness 10000) has occurred while \output is active []

 [29 <C:/gestiongrados/gestiongrados/doc/memoria/casos_uso/modeloconceptual.png
 (PNG copy)>] <./secuencia-reg-titulacion.png, id=550, 850.17625pt x 416.55624p
t>
File: ./secuencia-reg-titulacion.png Graphic file (type png)

<use ./secuencia-reg-titulacion.png>
Package pdftex.def Info: ./secuencia-reg-titulacion.png used on input line 1367
.
(pdftex.def)             Requested size: 425.08708pt x 208.2776pt.

<./secuencia-reg-asignatura.png, id=551, 796.9775pt x 436.63126pt>
File: ./secuencia-reg-asignatura.png Graphic file (type png)

<use ./secuencia-reg-asignatura.png>
Package pdftex.def Info: ./secuencia-reg-asignatura.png used on input line 1385
.
(pdftex.def)             Requested size: 398.48776pt x 218.3151pt.

Underfull \vbox (badness 5091) has occurred while \output is active []

 [30 <C:/gestiongrados/gestiongrados/doc/memoria/casos_uso/secuencia-reg-titula
cion.png (PNG copy)>] <./secuencia-edit-asignatura.png, id=559, 813.0375pt x 77
0.88pt>
File: ./secuencia-edit-asignatura.png Graphic file (type png)

<use ./secuencia-edit-asignatura.png>
Package pdftex.def Info: ./secuencia-edit-asignatura.png used on input line 141
0.
(pdftex.def)             Requested size: 406.51776pt x 385.43906pt.

Underfull \vbox (badness 1442) has occurred while \output is active []

 [31 <C:/gestiongrados/gestiongrados/doc/memoria/casos_uso/secuencia-reg-asigna
tura.png (PNG copy)>] <./secuencia-borrar-asignatura.png, id=568, 839.135pt x 6
41.39626pt>
File: ./secuencia-borrar-asignatura.png Graphic file (type png)

<use ./secuencia-borrar-asignatura.png>
Package pdftex.def Info: ./secuencia-borrar-asignatura.png used on input line 1
427.
(pdftex.def)             Requested size: 419.56647pt x 320.69734pt.
 [32 <C:/gestiongrados/gestiongrados/doc/memoria/casos_uso/secuencia-edit-asign
atura.png (PNG copy)>]
<./secuencia-importar-asignatura.png, id=575, 863.225pt x 383.4325pt>
File: ./secuencia-importar-asignatura.png Graphic file (type png)

<use ./secuencia-importar-asignatura.png>
Package pdftex.def Info: ./secuencia-importar-asignatura.png used on input line
 1436.
(pdftex.def)             Requested size: 431.61145pt x 191.71577pt.

Underfull \vbox (badness 10000) has occurred while \output is active []

 [33 <C:/gestiongrados/gestiongrados/doc/memoria/casos_uso/secuencia-borrar-asi
gnatura.png (PNG copy)>]
<./secuencia-crear-plandocente.png, id=581, 816.04875pt x 454.69875pt>
File: ./secuencia-crear-plandocente.png Graphic file (type png)

<use ./secuencia-crear-plandocente.png>
Package pdftex.def Info: ./secuencia-crear-plandocente.png used on input line 1
453.
(pdftex.def)             Requested size: 408.02338pt x 227.34882pt.

Underfull \vbox (badness 10000) has occurred while \output is active []

 [34 <C:/gestiongrados/gestiongrados/doc/memoria/casos_uso/secuencia-importar-a
signatura.png (PNG copy)>]
<./secuencia-gen-informe.png, id=588, 800.9925pt x 368.37625pt>
File: ./secuencia-gen-informe.png Graphic file (type png)

<use ./secuencia-gen-informe.png>
Package pdftex.def Info: ./secuencia-gen-informe.png used on input line 1470.
(pdftex.def)             Requested size: 400.49527pt x 184.18767pt.

<./secuencia-crear-evento.png, id=589, 882.29625pt x 372.39125pt>
File: ./secuencia-crear-evento.png Graphic file (type png)

<use ./secuencia-crear-evento.png>
Package pdftex.def Info: ./secuencia-crear-evento.png used on input line 1478.
(pdftex.def)             Requested size: 441.14705pt x 186.19516pt.

Underfull \vbox (badness 10000) has occurred while \output is active []

 [35 <C:/gestiongrados/gestiongrados/doc/memoria/casos_uso/secuencia-crear-plan
docente.png (PNG copy)>] [36 <C:/gestiongrados/gestiongrados/doc/memoria/casos_
uso/secuencia-gen-informe.png (PNG copy)> <C:/gestiongrados/gestiongrados/doc/m
emoria/casos_uso/secuencia-crear-evento.png (PNG copy)>]
<./secuencia-exportar-calendario.png, id=603, 904.37875pt x 430.60875pt>
File: ./secuencia-exportar-calendario.png Graphic file (type png)

<use ./secuencia-exportar-calendario.png>
Package pdftex.def Info: ./secuencia-exportar-calendario.png used on input line
 1504.
(pdftex.def)             Requested size: 452.18828pt x 215.30383pt.

<./secuencia-seleccionar-grupo.png, id=604, 645.41125pt x 347.2975pt>
File: ./secuencia-seleccionar-grupo.png Graphic file (type png)

<use ./secuencia-seleccionar-grupo.png>
Package pdftex.def Info: ./secuencia-seleccionar-grupo.png used on input line 1
514.
(pdftex.def)             Requested size: 322.70483pt x 173.64832pt.

Underfull \vbox (badness 10000) has occurred while \output is active []

 [37 <C:/gestiongrados/gestiongrados/doc/memoria/casos_uso/secuencia-exportar-c
alendario.png (PNG copy)>]
<./secuencia-anadir-grupo.png, id=612, 645.41125pt x 302.12875pt>
File: ./secuencia-anadir-grupo.png Graphic file (type png)

<use ./secuencia-anadir-grupo.png>
Package pdftex.def Info: ./secuencia-anadir-grupo.png used on input line 1532.
(pdftex.def)             Requested size: 322.70483pt x 151.064pt.

<./secuencia-borrar-grupo.png, id=613, 651.43375pt x 339.2675pt>
File: ./secuencia-borrar-grupo.png Graphic file (type png)

<use ./secuencia-borrar-grupo.png>
Package pdftex.def Info: ./secuencia-borrar-grupo.png used on input line 1541.
(pdftex.def)             Requested size: 325.71606pt x 169.63333pt.
 [38 <C:/gestiongrados/gestiongrados/doc/memoria/casos_uso/secuencia-selecciona
r-grupo.png (PNG copy)> <C:/gestiongrados/gestiongrados/doc/memoria/casos_uso/s
ecuencia-anadir-grupo.png (PNG copy)>]
<./secuencia-ubicar-slot.png, id=621, 581.17125pt x 531.9875pt>
File: ./secuencia-ubicar-slot.png Graphic file (type png)

<use ./secuencia-ubicar-slot.png>
Package pdftex.def Info: ./secuencia-ubicar-slot.png used on input line 1550.
(pdftex.def)             Requested size: 290.58492pt x 265.9931pt.

Underfull \vbox (badness 1019) has occurred while \output is active []

 [39 <C:/gestiongrados/gestiongrados/doc/memoria/casos_uso/secuencia-borrar-gru
po.png (PNG copy)> <C:/gestiongrados/gestiongrados/doc/memoria/casos_uso/secuen
cia-ubicar-slot.png (PNG copy)>]
<./secuencia-editar-tipo.png, id=628, 617.30624pt x 418.56375pt>
File: ./secuencia-editar-tipo.png Graphic file (type png)

<use ./secuencia-editar-tipo.png>
Package pdftex.def Info: ./secuencia-editar-tipo.png used on input line 1575.
(pdftex.def)             Requested size: 308.65236pt x 209.28136pt.

<./secuencia-comprobar-grupo.png, id=629, 646.415pt x 256.96pt>
File: ./secuencia-comprobar-grupo.png Graphic file (type png)

<use ./secuencia-comprobar-grupo.png>
Package pdftex.def Info: ./secuencia-comprobar-grupo.png used on input line 159
2.
(pdftex.def)             Requested size: 323.20671pt x 128.47968pt.
 [40 <C:/gestiongrados/gestiongrados/doc/memoria/casos_uso/secuencia-editar-tip
o.png (PNG copy)>]
<./secuencia-crear-aula.png, id=638, 600.2425pt x 307.1475pt>
File: ./secuencia-crear-aula.png Graphic file (type png)

<use ./secuencia-crear-aula.png>
Package pdftex.def Info: ./secuencia-crear-aula.png used on input line 1602.
(pdftex.def)             Requested size: 300.12051pt x 153.57336pt.

<./secuencia-borrar-aula.png, id=639, 624.3325pt x 321.2pt>
File: ./secuencia-borrar-aula.png Graphic file (type png)

<use ./secuencia-borrar-aula.png>
Package pdftex.def Info: ./secuencia-borrar-aula.png used on input line 1619.
(pdftex.def)             Requested size: 312.16548pt x 160.59961pt.

Underfull \vbox (badness 1163) has occurred while \output is active []

 [41 <C:/gestiongrados/gestiongrados/doc/memoria/casos_uso/secuencia-comprobar-
grupo.png (PNG copy)> <C:/gestiongrados/gestiongrados/doc/memoria/casos_uso/sec
uencia-crear-aula.png (PNG copy)>]
<./secuencia-editar-aula.png, id=647, 626.34pt x 323.2075pt>
File: ./secuencia-editar-aula.png Graphic file (type png)

<use ./secuencia-editar-aula.png>
Package pdftex.def Info: ./secuencia-editar-aula.png used on input line 1636.
(pdftex.def)             Requested size: 313.16922pt x 161.60335pt.
Package atveryend Info: Empty hook `BeforeClearDocument' on input line 1671.
 [42 <C:/gestiongrados/gestiongrados/doc/memoria/casos_uso/secuencia-borrar-aul
a.png (PNG copy)> <C:/gestiongrados/gestiongrados/doc/memoria/casos_uso/secuenc
ia-editar-aula.png (PNG copy)>]
Package atveryend Info: Empty hook `AfterLastShipout' on input line 1671.

(C:\gestiongrados\gestiongrados\doc\memoria\casos_uso\casos_uso.aux)
Package atveryend Info: Executing hook `AtVeryEndDocument' on input line 1671.
Package atveryend Info: Executing hook `AtEndAfterFileList' on input line 1671.

Package rerunfilecheck Info: File `casos_uso.out' has not changed.
(rerunfilecheck)             Checksum: 64B79EF57A49BF43DFE8DFBA31CCC441;2143.


LaTeX Warning: There were undefined references.

 ) 
Here is how much of TeX's memory you used:
 7745 strings out of 494045
 115880 string characters out of 3145971
 211679 words of memory out of 3000000
 10574 multiletter control sequences out of 15000+200000
 9507 words of font info for 33 fonts, out of 3000000 for 9000
 715 hyphenation exceptions out of 8191
 36i,9n,38p,430b,529s stack positions out of 5000i,500n,10000p,200000b,50000s
<C:/Program Files (x86)/MiKTeX 2.9/fonts/type1/public/amsfonts/cm/cmbx10.pfb>
<C:/Program Files (x86)/MiKTeX 2.9/fonts/type1/public/amsfonts/cm/cmbx12.pfb><C
:/Program Files (x86)/MiKTeX 2.9/fonts/type1/public/amsfonts/cm/cmr10.pfb><C:/P
rogram Files (x86)/MiKTeX 2.9/fonts/type1/public/amsfonts/cm/cmr12.pfb><C:/Prog
ram Files (x86)/MiKTeX 2.9/fonts/type1/public/amsfonts/cm/cmr17.pfb><C:/Program
 Files (x86)/MiKTeX 2.9/fonts/type1/public/amsfonts/cm/cmsl10.pfb><C:/Program F
iles (x86)/MiKTeX 2.9/fonts/type1/public/amsfonts/cm/cmti10.pfb>
Output written on casos_uso.pdf (42 pages, 526274 bytes).
PDF statistics:
 761 PDF objects out of 1000 (max. 8388607)
 390 named destinations out of 1000 (max. 500000)
 331 words of extra memory for PDF output out of 10000 (max. 10000000)

