\BOOKMARK [0][-]{chapter.1}{Motivaci\363n y contexto del proyecto}{}% 1
\BOOKMARK [1][-]{section.1.1}{Introducci\363n}{chapter.1}% 2
\BOOKMARK [0][-]{chapter.2}{Desarrollo del proyecto}{}% 3
\BOOKMARK [1][-]{section.2.1}{Organizaci\363n temporal}{chapter.2}% 4
\BOOKMARK [1][-]{section.2.2}{An\341lisis del sistema}{chapter.2}% 5
\BOOKMARK [1][-]{section.2.3}{Base de Datos}{chapter.2}% 6
\BOOKMARK [1][-]{section.2.4}{C\363digo fuente}{chapter.2}% 7
\BOOKMARK [2][-]{subsection.2.4.1}{Entorno Verbatim}{section.2.4}% 8
\BOOKMARK [2][-]{subsection.2.4.2}{Entorno listing}{section.2.4}% 9
\BOOKMARK [0][-]{lstnumber.-3.1}{Bibliografia y referencias}{}% 10
\BOOKMARK [0][-]{chapter*.12}{Software usado}{}% 11
\BOOKMARK [0][-]{figure.caption.19}{Instalaci\363n de LaTeX}{}% 12
\BOOKMARK [0][-]{section*.22}{GNU Free Documentation License}{}% 13
\BOOKMARK [1][-]{section*.23}{1. APPLICABILITY AND DEFINITIONS}{section*.22}% 14
\BOOKMARK [1][-]{section*.24}{2. VERBATIM COPYING}{section*.22}% 15
\BOOKMARK [1][-]{section*.25}{3. COPYING IN QUANTITY}{section*.22}% 16
\BOOKMARK [1][-]{section*.26}{4. MODIFICATIONS}{section*.22}% 17
\BOOKMARK [1][-]{section*.27}{5. COMBINING DOCUMENTS}{section*.22}% 18
\BOOKMARK [1][-]{section*.28}{6. COLLECTIONS OF DOCUMENTS}{section*.22}% 19
\BOOKMARK [1][-]{section*.29}{7. AGGREGATION WITH INDEPENDENT WORKS}{section*.22}% 20
\BOOKMARK [1][-]{section*.30}{8. TRANSLATION}{section*.22}% 21
\BOOKMARK [1][-]{section*.31}{9. TERMINATION}{section*.22}% 22
\BOOKMARK [1][-]{section*.32}{10. FUTURE REVISIONS OF THIS LICENSE}{section*.22}% 23
\BOOKMARK [1][-]{section*.33}{11. RELICENSING}{section*.22}% 24
\BOOKMARK [1][-]{section*.34}{ADDENDUM: How to use this License for your documents}{section*.22}% 25
