\BOOKMARK [0][-]{chapter.1}{Introducci\363n}{}% 1
\BOOKMARK [1][-]{section.1.1}{Objetivos y alcance}{chapter.1}% 2
\BOOKMARK [1][-]{section.1.2}{Estructura del documento}{chapter.1}% 3
\BOOKMARK [1][-]{section.1.3}{Definiciones y acr\363nimos}{chapter.1}% 4
\BOOKMARK [0][-]{chapter.2}{Planificaci\363n}{}% 5
\BOOKMARK [1][-]{section.2.1}{Fase inicial}{chapter.2}% 6
\BOOKMARK [1][-]{section.2.2}{Fase de an\341lisis}{chapter.2}% 7
\BOOKMARK [1][-]{section.2.3}{Fase de aprendizaje}{chapter.2}% 8
\BOOKMARK [1][-]{section.2.4}{Fase de dise\361o}{chapter.2}% 9
\BOOKMARK [1][-]{section.2.5}{Implementaci\363n}{chapter.2}% 10
\BOOKMARK [1][-]{section.2.6}{Pruebas}{chapter.2}% 11
\BOOKMARK [1][-]{section.2.7}{Redacci\363n de la memoria}{chapter.2}% 12
\BOOKMARK [1][-]{section.2.8}{Diagrama de Gantt}{chapter.2}% 13
\BOOKMARK [0][-]{chapter.3}{Descripci\363n general del proyecto}{}% 14
\BOOKMARK [1][-]{section.3.1}{Descripci\363n}{chapter.3}% 15
\BOOKMARK [1][-]{section.3.2}{Perfiles de usuario}{chapter.3}% 16
\BOOKMARK [2][-]{subsection.3.2.1}{Perfil Administrador}{section.3.2}% 17
\BOOKMARK [2][-]{subsection.3.2.2}{Perfil Planificador}{section.3.2}% 18
\BOOKMARK [2][-]{subsection.3.2.3}{Perfil Profesor}{section.3.2}% 19
\BOOKMARK [2][-]{subsection.3.2.4}{Perfil Alumno}{section.3.2}% 20
\BOOKMARK [1][-]{section.3.3}{Interfaz de usuario}{chapter.3}% 21
\BOOKMARK [1][-]{section.3.4}{Software}{chapter.3}% 22
\BOOKMARK [0][-]{chapter.4}{An\341lisis}{}% 23
\BOOKMARK [1][-]{section.4.1}{Metodolog\355a de desarrollo}{chapter.4}% 24
\BOOKMARK [1][-]{section.4.2}{Especificaci\363n de requisitos del sistema}{chapter.4}% 25
\BOOKMARK [2][-]{subsection.4.2.1}{Gesti\363n de usuarios}{section.4.2}% 26
\BOOKMARK [2][-]{subsection.4.2.2}{Gesti\363n de titulaciones}{section.4.2}% 27
\BOOKMARK [1][-]{section.4.3}{Modelo conceptual de datos}{chapter.4}% 28
\BOOKMARK [2][-]{subsection.4.3.1}{Diagrama de clases conceptuales}{section.4.3}% 29
\BOOKMARK [1][-]{section.4.4}{Modelo de comportamiento del sistema}{chapter.4}% 30
\BOOKMARK [2][-]{subsection.4.4.1}{Caso de uso: Registrar titulaci\363n}{section.4.4}% 31
\BOOKMARK [2][-]{subsection.4.4.2}{Caso de uso: Registrar asignatura}{section.4.4}% 32
\BOOKMARK [2][-]{subsection.4.4.3}{Caso de uso: Editar asignatura}{section.4.4}% 33
\BOOKMARK [2][-]{subsection.4.4.4}{Caso de uso: Borrar asignatura}{section.4.4}% 34
\BOOKMARK [2][-]{subsection.4.4.5}{Caso de uso: Importar asignatura}{section.4.4}% 35
\BOOKMARK [2][-]{subsection.4.4.6}{Caso de uso: Crear plan docente}{section.4.4}% 36
\BOOKMARK [2][-]{subsection.4.4.7}{Caso de uso: Generar informe de asignatura}{section.4.4}% 37
\BOOKMARK [2][-]{subsection.4.4.8}{Caso de uso: A\361adir evento al calendario}{section.4.4}% 38
\BOOKMARK [2][-]{subsection.4.4.9}{Caso de uso: Exportar calendario}{section.4.4}% 39
\BOOKMARK [2][-]{subsection.4.4.10}{Caso de uso: Seleccionar grupos de teor\355a}{section.4.4}% 40
\BOOKMARK [2][-]{subsection.4.4.11}{Caso de uso: A\361adir grupo de teor\355a}{section.4.4}% 41
\BOOKMARK [2][-]{subsection.4.4.12}{Caso de uso: Eliminar grupo de teor\355a}{section.4.4}% 42
\BOOKMARK [2][-]{subsection.4.4.13}{Caso de uso: Ubicar slot de horario}{section.4.4}% 43
\BOOKMARK [2][-]{subsection.4.4.14}{Caso de uso: Editar horario tipo}{section.4.4}% 44
\BOOKMARK [2][-]{subsection.4.4.15}{Caso de uso: Comprobar grupo de teor\355a}{section.4.4}% 45
\BOOKMARK [2][-]{subsection.4.4.16}{Caso de uso: Crear aula}{section.4.4}% 46
\BOOKMARK [2][-]{subsection.4.4.17}{Caso de uso: Borrar aula}{section.4.4}% 47
\BOOKMARK [2][-]{subsection.4.4.18}{Caso de uso: Editar aula}{section.4.4}% 48
\BOOKMARK [0][-]{chapter.5}{Dise\361o}{}% 49
\BOOKMARK [1][-]{section.5.1}{Controladores}{chapter.5}% 50
\BOOKMARK [2][-]{subsection.5.1.1}{Users}{section.5.1}% 51
\BOOKMARK [2][-]{subsection.5.1.2}{Login}{section.5.1}% 52
\BOOKMARK [2][-]{subsection.5.1.3}{Logout}{section.5.1}% 53
\BOOKMARK [2][-]{subsection.5.1.4}{Admin}{section.5.1}% 54
\BOOKMARK [2][-]{subsection.5.1.5}{Titulaciones}{section.5.1}% 55
\BOOKMARK [2][-]{subsection.5.1.6}{Asignaturas}{section.5.1}% 56
\BOOKMARK [2][-]{subsection.5.1.7}{Aulas}{section.5.1}% 57
\BOOKMARK [2][-]{subsection.5.1.8}{Cursos}{section.5.1}% 58
\BOOKMARK [2][-]{subsection.5.1.9}{Eventos}{section.5.1}% 59
\BOOKMARK [2][-]{subsection.5.1.10}{Horarios}{section.5.1}% 60
\BOOKMARK [2][-]{subsection.5.1.11}{PlanesDocentes}{section.5.1}% 61
\BOOKMARK [1][-]{section.5.2}{Base de datos}{chapter.5}% 62
\BOOKMARK [2][-]{subsection.5.2.1}{Modelo entidad-relaci\363n}{section.5.2}% 63
\BOOKMARK [2][-]{subsection.5.2.2}{Tablas y atributos}{section.5.2}% 64
\BOOKMARK [0][-]{chapter.6}{Implementaci\363n}{}% 65
\BOOKMARK [1][-]{section.6.1}{Lenguajes}{chapter.6}% 66
\BOOKMARK [1][-]{section.6.2}{Extensiones y librer\355as}{chapter.6}% 67
\BOOKMARK [1][-]{section.6.3}{Herramientas utilizadas}{chapter.6}% 68
\BOOKMARK [1][-]{section.6.4}{Detalles de la implementaci\363n de la arquitectura del sistema}{chapter.6}% 69
\BOOKMARK [2][-]{subsection.6.4.1}{Capa modelo}{section.6.4}% 70
\BOOKMARK [2][-]{subsection.6.4.2}{Capa controlador}{section.6.4}% 71
\BOOKMARK [2][-]{subsection.6.4.3}{Capa vista}{section.6.4}% 72
\BOOKMARK [0][-]{chapter.7}{Pruebas}{}% 73
\BOOKMARK [1][-]{section.7.1}{Pruebas sobre los datos}{chapter.7}% 74
\BOOKMARK [1][-]{section.7.2}{Especificaci\363n del dise\361o de pruebas}{chapter.7}% 75
\BOOKMARK [1][-]{section.7.3}{Especificaci\363n de los procedimientos de prueba}{chapter.7}% 76
\BOOKMARK [1][-]{section.7.4}{Documentaci\363n de la ejecuci\363n de las pruebas}{chapter.7}% 77
\BOOKMARK [1][-]{section.7.5}{Herramientas utilizadas para las pruebas}{chapter.7}% 78
\BOOKMARK [0][-]{chapter.8}{Conclusiones}{}% 79
\BOOKMARK [1][-]{section.8.1}{Opini\363n personal}{chapter.8}% 80
\BOOKMARK [1][-]{section.8.2}{Ampliaciones futuras}{chapter.8}% 81
\BOOKMARK [0][-]{appendix.Alph1}{Herramientas utilizadas}{}% 82
\BOOKMARK [1][-]{section.Alph1.1}{Lenguaje de programaci\363n}{appendix.Alph1}% 83
\BOOKMARK [1][-]{section.Alph1.2}{Entorno de desarrollo}{appendix.Alph1}% 84
\BOOKMARK [1][-]{section.Alph1.3}{Herramienta UML}{appendix.Alph1}% 85
\BOOKMARK [1][-]{section.Alph1.4}{Redacci\363n de la memoria y resumen}{appendix.Alph1}% 86
\BOOKMARK [1][-]{section.Alph1.5}{Ediciones r\341pidas de c\363digo}{appendix.Alph1}% 87
\BOOKMARK [1][-]{section.Alph1.6}{Planificaci\363n del proyecto}{appendix.Alph1}% 88
\BOOKMARK [0][-]{appendix.Alph2}{Manual de instalaci\363n}{}% 89
\BOOKMARK [1][-]{section.Alph2.1}{Prerrequisitos}{appendix.Alph2}% 90
\BOOKMARK [1][-]{section.Alph2.2}{Instalaci\363n de la aplicaci\363n}{appendix.Alph2}% 91
\BOOKMARK [1][-]{section.Alph2.3}{Puesta en funcionamiento}{appendix.Alph2}% 92
\BOOKMARK [0][-]{appendix.Alph3}{Manual de usuario}{}% 93
\BOOKMARK [1][-]{section.Alph3.1}{Bienvenida}{appendix.Alph3}% 94
\BOOKMARK [1][-]{section.Alph3.2}{Perfil administrador}{appendix.Alph3}% 95
\BOOKMARK [2][-]{subsection.Alph3.2.1}{Administraci\363n de usuarios}{section.Alph3.2}% 96
\BOOKMARK [2][-]{subsection.Alph3.2.2}{Apartado Configuraci\363n}{section.Alph3.2}% 97
\BOOKMARK [1][-]{section.Alph3.3}{Perfil planificador}{appendix.Alph3}% 98
\BOOKMARK [2][-]{subsection.Alph3.3.1}{Administraci\363n de usuarios}{section.Alph3.3}% 99
\BOOKMARK [2][-]{subsection.Alph3.3.2}{Gesti\363n de titulaciones}{section.Alph3.3}% 100
\BOOKMARK [2][-]{subsection.Alph3.3.3}{Gesti\363n de asignaturas}{section.Alph3.3}% 101
\BOOKMARK [2][-]{subsection.Alph3.3.4}{Gesti\363n de cursos}{section.Alph3.3}% 102
\BOOKMARK [2][-]{subsection.Alph3.3.5}{Gesti\363n de aulas}{section.Alph3.3}% 103
\BOOKMARK [2][-]{subsection.Alph3.3.6}{Gesti\363n de Planificaci\363n Docente}{section.Alph3.3}% 104
\BOOKMARK [2][-]{subsection.Alph3.3.7}{Gesti\363n del calendario}{section.Alph3.3}% 105
\BOOKMARK [2][-]{subsection.Alph3.3.8}{Gesti\363n de horarios}{section.Alph3.3}% 106
\BOOKMARK [1][-]{section.Alph3.4}{Perfil profesor}{appendix.Alph3}% 107
\BOOKMARK [1][-]{section.Alph3.5}{Perfil alumno}{appendix.Alph3}% 108
\BOOKMARK [0][-]{appendix.Alph4}{Importaci\363n de asignaturas}{}% 109
\BOOKMARK [1][-]{section.Alph4.1}{YAML}{appendix.Alph4}% 110
\BOOKMARK [0][-]{appendix.Alph5}{Importaci\363n de planes docentes}{}% 111
\BOOKMARK [0][-]{appendix.Alph6}{Informes}{}% 112
\BOOKMARK [1][-]{section.Alph6.1}{Horarios}{appendix.Alph6}% 113
\BOOKMARK [1][-]{section.Alph6.2}{Ocupaci\363n de aulas}{appendix.Alph6}% 114
\BOOKMARK [1][-]{section.Alph6.3}{Informes de asignatura}{appendix.Alph6}% 115
\BOOKMARK [0][-]{figure.caption.153}{Bibliografia y referencias}{}% 116
\BOOKMARK [0][-]{section*.156}{GNU Free Documentation License}{}% 117
\BOOKMARK [1][-]{section*.157}{1. APPLICABILITY AND DEFINITIONS}{section*.156}% 118
\BOOKMARK [1][-]{section*.158}{2. VERBATIM COPYING}{section*.156}% 119
\BOOKMARK [1][-]{section*.159}{3. COPYING IN QUANTITY}{section*.156}% 120
\BOOKMARK [1][-]{section*.160}{4. MODIFICATIONS}{section*.156}% 121
\BOOKMARK [1][-]{section*.161}{5. COMBINING DOCUMENTS}{section*.156}% 122
\BOOKMARK [1][-]{section*.162}{6. COLLECTIONS OF DOCUMENTS}{section*.156}% 123
\BOOKMARK [1][-]{section*.163}{7. AGGREGATION WITH INDEPENDENT WORKS}{section*.156}% 124
\BOOKMARK [1][-]{section*.164}{8. TRANSLATION}{section*.156}% 125
\BOOKMARK [1][-]{section*.165}{9. TERMINATION}{section*.156}% 126
\BOOKMARK [1][-]{section*.166}{10. FUTURE REVISIONS OF THIS LICENSE}{section*.156}% 127
\BOOKMARK [1][-]{section*.167}{11. RELICENSING}{section*.156}% 128
\BOOKMARK [1][-]{section*.168}{ADDENDUM: How to use this License for your documents}{section*.156}% 129
