This is pdfTeX, Version 3.1415926-2.3-1.40.12 (MiKTeX 2.9) (preloaded format=pdflatex 2011.11.28)  8 JAN 2012 21:17
entering extended mode
**C:/gestiongrados/gestiongrados/doc/memoria/memoria_pfc/memoria.tex
(C:/gestiongrados/gestiongrados/doc/memoria/memoria_pfc/memoria.tex
LaTeX2e <2011/06/27>
Babel <v3.8m> and hyphenation patterns for english, afrikaans, ancientgreek, ar
abic, armenian, assamese, basque, bengali, bokmal, bulgarian, catalan, coptic, 
croatian, czech, danish, dutch, esperanto, estonian, farsi, finnish, french, ga
lician, german, german-x-2009-06-19, greek, gujarati, hindi, hungarian, iceland
ic, indonesian, interlingua, irish, italian, kannada, kurmanji, lao, latin, lat
vian, lithuanian, malayalam, marathi, mongolian, mongolianlmc, monogreek, ngerm
an, ngerman-x-2009-06-19, nynorsk, oriya, panjabi, pinyin, polish, portuguese, 
romanian, russian, sanskrit, serbian, slovak, slovenian, spanish, swedish, swis
sgerman, tamil, telugu, turkish, turkmen, ukenglish, ukrainian, uppersorbian, u
senglishmax, welsh, loaded.
("C:\Program Files (x86)\MiKTeX 2.9\tex\latex\base\book.cls"
Document Class: book 2007/10/19 v1.4h Standard LaTeX document class
("C:\Program Files (x86)\MiKTeX 2.9\tex\latex\base\bk11.clo"
File: bk11.clo 2007/10/19 v1.4h Standard LaTeX file (size option)
)
\c@part=\count79
\c@chapter=\count80
\c@section=\count81
\c@subsection=\count82
\c@subsubsection=\count83
\c@paragraph=\count84
\c@subparagraph=\count85
\c@figure=\count86
\c@table=\count87
\abovecaptionskip=\skip41
\belowcaptionskip=\skip42
\bibindent=\dimen102
)
(C:\gestiongrados\gestiongrados\doc\memoria\memoria_pfc\estilos\estiloBase.sty

LaTeX Warning: You have requested package `./estilos/estiloBase',
               but the package provides `estiloBase'.

Package: estiloBase 
("C:\Program Files (x86)\MiKTeX 2.9\tex\latex\base\inputenc.sty"
Package: inputenc 2008/03/30 v1.1d Input encoding file
\inpenc@prehook=\toks14
\inpenc@posthook=\toks15

("C:\Program Files (x86)\MiKTeX 2.9\tex\latex\base\utf8.def"
File: utf8.def 2008/04/05 v1.1m UTF-8 support for inputenc
Now handling font encoding OML ...
... no UTF-8 mapping file for font encoding OML
Now handling font encoding T1 ...
... processing UTF-8 mapping file for font encoding T1

("C:\Program Files (x86)\MiKTeX 2.9\tex\latex\base\t1enc.dfu"
File: t1enc.dfu 2008/04/05 v1.1m UTF-8 support for inputenc
   defining Unicode char U+00A1 (decimal 161)
   defining Unicode char U+00A3 (decimal 163)
   defining Unicode char U+00AB (decimal 171)
   defining Unicode char U+00BB (decimal 187)
   defining Unicode char U+00BF (decimal 191)
   defining Unicode char U+00C0 (decimal 192)
   defining Unicode char U+00C1 (decimal 193)
   defining Unicode char U+00C2 (decimal 194)
   defining Unicode char U+00C3 (decimal 195)
   defining Unicode char U+00C4 (decimal 196)
   defining Unicode char U+00C5 (decimal 197)
   defining Unicode char U+00C6 (decimal 198)
   defining Unicode char U+00C7 (decimal 199)
   defining Unicode char U+00C8 (decimal 200)
   defining Unicode char U+00C9 (decimal 201)
   defining Unicode char U+00CA (decimal 202)
   defining Unicode char U+00CB (decimal 203)
   defining Unicode char U+00CC (decimal 204)
   defining Unicode char U+00CD (decimal 205)
   defining Unicode char U+00CE (decimal 206)
   defining Unicode char U+00CF (decimal 207)
   defining Unicode char U+00D0 (decimal 208)
   defining Unicode char U+00D1 (decimal 209)
   defining Unicode char U+00D2 (decimal 210)
   defining Unicode char U+00D3 (decimal 211)
   defining Unicode char U+00D4 (decimal 212)
   defining Unicode char U+00D5 (decimal 213)
   defining Unicode char U+00D6 (decimal 214)
   defining Unicode char U+00D8 (decimal 216)
   defining Unicode char U+00D9 (decimal 217)
   defining Unicode char U+00DA (decimal 218)
   defining Unicode char U+00DB (decimal 219)
   defining Unicode char U+00DC (decimal 220)
   defining Unicode char U+00DD (decimal 221)
   defining Unicode char U+00DE (decimal 222)
   defining Unicode char U+00DF (decimal 223)
   defining Unicode char U+00E0 (decimal 224)
   defining Unicode char U+00E1 (decimal 225)
   defining Unicode char U+00E2 (decimal 226)
   defining Unicode char U+00E3 (decimal 227)
   defining Unicode char U+00E4 (decimal 228)
   defining Unicode char U+00E5 (decimal 229)
   defining Unicode char U+00E6 (decimal 230)
   defining Unicode char U+00E7 (decimal 231)
   defining Unicode char U+00E8 (decimal 232)
   defining Unicode char U+00E9 (decimal 233)
   defining Unicode char U+00EA (decimal 234)
   defining Unicode char U+00EB (decimal 235)
   defining Unicode char U+00EC (decimal 236)
   defining Unicode char U+00ED (decimal 237)
   defining Unicode char U+00EE (decimal 238)
   defining Unicode char U+00EF (decimal 239)
   defining Unicode char U+00F0 (decimal 240)
   defining Unicode char U+00F1 (decimal 241)
   defining Unicode char U+00F2 (decimal 242)
   defining Unicode char U+00F3 (decimal 243)
   defining Unicode char U+00F4 (decimal 244)
   defining Unicode char U+00F5 (decimal 245)
   defining Unicode char U+00F6 (decimal 246)
   defining Unicode char U+00F8 (decimal 248)
   defining Unicode char U+00F9 (decimal 249)
   defining Unicode char U+00FA (decimal 250)
   defining Unicode char U+00FB (decimal 251)
   defining Unicode char U+00FC (decimal 252)
   defining Unicode char U+00FD (decimal 253)
   defining Unicode char U+00FE (decimal 254)
   defining Unicode char U+00FF (decimal 255)
   defining Unicode char U+0102 (decimal 258)
   defining Unicode char U+0103 (decimal 259)
   defining Unicode char U+0104 (decimal 260)
   defining Unicode char U+0105 (decimal 261)
   defining Unicode char U+0106 (decimal 262)
   defining Unicode char U+0107 (decimal 263)
   defining Unicode char U+010C (decimal 268)
   defining Unicode char U+010D (decimal 269)
   defining Unicode char U+010E (decimal 270)
   defining Unicode char U+010F (decimal 271)
   defining Unicode char U+0110 (decimal 272)
   defining Unicode char U+0111 (decimal 273)
   defining Unicode char U+0118 (decimal 280)
   defining Unicode char U+0119 (decimal 281)
   defining Unicode char U+011A (decimal 282)
   defining Unicode char U+011B (decimal 283)
   defining Unicode char U+011E (decimal 286)
   defining Unicode char U+011F (decimal 287)
   defining Unicode char U+0130 (decimal 304)
   defining Unicode char U+0131 (decimal 305)
   defining Unicode char U+0132 (decimal 306)
   defining Unicode char U+0133 (decimal 307)
   defining Unicode char U+0139 (decimal 313)
   defining Unicode char U+013A (decimal 314)
   defining Unicode char U+013D (decimal 317)
   defining Unicode char U+013E (decimal 318)
   defining Unicode char U+0141 (decimal 321)
   defining Unicode char U+0142 (decimal 322)
   defining Unicode char U+0143 (decimal 323)
   defining Unicode char U+0144 (decimal 324)
   defining Unicode char U+0147 (decimal 327)
   defining Unicode char U+0148 (decimal 328)
   defining Unicode char U+014A (decimal 330)
   defining Unicode char U+014B (decimal 331)
   defining Unicode char U+0150 (decimal 336)
   defining Unicode char U+0151 (decimal 337)
   defining Unicode char U+0152 (decimal 338)
   defining Unicode char U+0153 (decimal 339)
   defining Unicode char U+0154 (decimal 340)
   defining Unicode char U+0155 (decimal 341)
   defining Unicode char U+0158 (decimal 344)
   defining Unicode char U+0159 (decimal 345)
   defining Unicode char U+015A (decimal 346)
   defining Unicode char U+015B (decimal 347)
   defining Unicode char U+015E (decimal 350)
   defining Unicode char U+015F (decimal 351)
   defining Unicode char U+0160 (decimal 352)
   defining Unicode char U+0161 (decimal 353)
   defining Unicode char U+0162 (decimal 354)
   defining Unicode char U+0163 (decimal 355)
   defining Unicode char U+0164 (decimal 356)
   defining Unicode char U+0165 (decimal 357)
   defining Unicode char U+016E (decimal 366)
   defining Unicode char U+016F (decimal 367)
   defining Unicode char U+0170 (decimal 368)
   defining Unicode char U+0171 (decimal 369)
   defining Unicode char U+0178 (decimal 376)
   defining Unicode char U+0179 (decimal 377)
   defining Unicode char U+017A (decimal 378)
   defining Unicode char U+017B (decimal 379)
   defining Unicode char U+017C (decimal 380)
   defining Unicode char U+017D (decimal 381)
   defining Unicode char U+017E (decimal 382)
   defining Unicode char U+200C (decimal 8204)
   defining Unicode char U+2013 (decimal 8211)
   defining Unicode char U+2014 (decimal 8212)
   defining Unicode char U+2018 (decimal 8216)
   defining Unicode char U+2019 (decimal 8217)
   defining Unicode char U+201A (decimal 8218)
   defining Unicode char U+201C (decimal 8220)
   defining Unicode char U+201D (decimal 8221)
   defining Unicode char U+201E (decimal 8222)
   defining Unicode char U+2030 (decimal 8240)
   defining Unicode char U+2031 (decimal 8241)
   defining Unicode char U+2039 (decimal 8249)
   defining Unicode char U+203A (decimal 8250)
   defining Unicode char U+2423 (decimal 9251)
)
Now handling font encoding OT1 ...
... processing UTF-8 mapping file for font encoding OT1

("C:\Program Files (x86)\MiKTeX 2.9\tex\latex\base\ot1enc.dfu"
File: ot1enc.dfu 2008/04/05 v1.1m UTF-8 support for inputenc
   defining Unicode char U+00A1 (decimal 161)
   defining Unicode char U+00A3 (decimal 163)
   defining Unicode char U+00B8 (decimal 184)
   defining Unicode char U+00BF (decimal 191)
   defining Unicode char U+00C5 (decimal 197)
   defining Unicode char U+00C6 (decimal 198)
   defining Unicode char U+00D8 (decimal 216)
   defining Unicode char U+00DF (decimal 223)
   defining Unicode char U+00E6 (decimal 230)
   defining Unicode char U+00EC (decimal 236)
   defining Unicode char U+00ED (decimal 237)
   defining Unicode char U+00EE (decimal 238)
   defining Unicode char U+00EF (decimal 239)
   defining Unicode char U+00F8 (decimal 248)
   defining Unicode char U+0131 (decimal 305)
   defining Unicode char U+0141 (decimal 321)
   defining Unicode char U+0142 (decimal 322)
   defining Unicode char U+0152 (decimal 338)
   defining Unicode char U+0153 (decimal 339)
   defining Unicode char U+2013 (decimal 8211)
   defining Unicode char U+2014 (decimal 8212)
   defining Unicode char U+2018 (decimal 8216)
   defining Unicode char U+2019 (decimal 8217)
   defining Unicode char U+201C (decimal 8220)
   defining Unicode char U+201D (decimal 8221)
)
Now handling font encoding OMS ...
... processing UTF-8 mapping file for font encoding OMS

("C:\Program Files (x86)\MiKTeX 2.9\tex\latex\base\omsenc.dfu"
File: omsenc.dfu 2008/04/05 v1.1m UTF-8 support for inputenc
   defining Unicode char U+00A7 (decimal 167)
   defining Unicode char U+00B6 (decimal 182)
   defining Unicode char U+00B7 (decimal 183)
   defining Unicode char U+2020 (decimal 8224)
   defining Unicode char U+2021 (decimal 8225)
   defining Unicode char U+2022 (decimal 8226)
)
Now handling font encoding OMX ...
... no UTF-8 mapping file for font encoding OMX
Now handling font encoding U ...
... no UTF-8 mapping file for font encoding U
   defining Unicode char U+00A9 (decimal 169)
   defining Unicode char U+00AA (decimal 170)
   defining Unicode char U+00AE (decimal 174)
   defining Unicode char U+00BA (decimal 186)
   defining Unicode char U+02C6 (decimal 710)
   defining Unicode char U+02DC (decimal 732)
   defining Unicode char U+200C (decimal 8204)
   defining Unicode char U+2026 (decimal 8230)
   defining Unicode char U+2122 (decimal 8482)
   defining Unicode char U+2423 (decimal 9251)
))
("C:\Program Files (x86)\MiKTeX 2.9\tex\latex\psnfss\times.sty"
Package: times 2005/04/12 PSNFSS-v9.2a (SPQR) 
)
("C:\Program Files (x86)\MiKTeX 2.9\tex\latex\base\fontenc.sty"
Package: fontenc 2005/09/27 v1.99g Standard LaTeX package

("C:\Program Files (x86)\MiKTeX 2.9\tex\latex\base\t1enc.def"
File: t1enc.def 2005/09/27 v1.99g Standard LaTeX file
LaTeX Font Info:    Redeclaring font encoding T1 on input line 43.
))
("C:\Program Files (x86)\MiKTeX 2.9\tex\generic\babel\babel.sty"
Package: babel 2008/07/08 v3.8m The Babel package

*************************************
* Local config file bblopts.cfg used
*
("C:\Program Files (x86)\MiKTeX 2.9\tex\latex\00miktex\bblopts.cfg"
File: bblopts.cfg 2006/07/31 v1.0 MiKTeX 'babel' configuration
)
("C:\Program Files (x86)\MiKTeX 2.9\tex\generic\babel\spanish.ldf"
Language: spanish.ldf 2009/01/02 v5.0h Spanish support from the babel system

("C:\Program Files (x86)\MiKTeX 2.9\tex\generic\babel\babel.def"
File: babel.def 2008/07/08 v3.8m Babel common definitions
\babel@savecnt=\count88
\U@D=\dimen103
)
\es@datefmt=\count89
\es@quottoks=\toks16
\es@quotdepth=\count90
Package babel Info: Making " an active character on input line 492.
Package babel Info: Making . an active character on input line 585.
Package babel Info: Making < an active character on input line 630.
Package babel Info: Making > an active character on input line 630.
))
("C:\Program Files (x86)\MiKTeX 2.9\tex\latex\graphics\color.sty"
Package: color 2005/11/14 v1.0j Standard LaTeX Color (DPC)

("C:\Program Files (x86)\MiKTeX 2.9\tex\latex\00miktex\color.cfg"
File: color.cfg 2007/01/18 v1.5 color configuration of teTeX/TeXLive
)
Package color Info: Driver file: pdftex.def on input line 130.

("C:\Program Files (x86)\MiKTeX 2.9\tex\latex\pdftex-def\pdftex.def"
File: pdftex.def 2011/05/27 v0.06d Graphics/color for pdfTeX

("C:\Program Files (x86)\MiKTeX 2.9\tex\generic\oberdiek\infwarerr.sty"
Package: infwarerr 2010/04/08 v1.3 Providing info/warning/message (HO)
)
("C:\Program Files (x86)\MiKTeX 2.9\tex\generic\oberdiek\ltxcmds.sty"
Package: ltxcmds 2011/04/18 v1.20 LaTeX kernel commands for general use (HO)
)
\Gread@gobject=\count91
))
("C:\Program Files (x86)\MiKTeX 2.9\tex\latex\hyperref\hyperref.sty"
Package: hyperref 2011/08/19 v6.82h Hypertext links for LaTeX

("C:\Program Files (x86)\MiKTeX 2.9\tex\generic\oberdiek\hobsub-hyperref.sty"
Package: hobsub-hyperref 2011/04/23 v1.4 Bundle oberdiek, subset hyperref (HO)

("C:\Program Files (x86)\MiKTeX 2.9\tex\generic\oberdiek\hobsub-generic.sty"
Package: hobsub-generic 2011/04/23 v1.4 Bundle oberdiek, subset generic (HO)
Package: hobsub 2011/04/23 v1.4 Subsetting bundle oberdiek (HO)
Package hobsub Info: Skipping package `infwarerr' (already loaded).
Package hobsub Info: Skipping package `ltxcmds' (already loaded).
Package: ifluatex 2010/03/01 v1.3 Provides the ifluatex switch (HO)
Package ifluatex Info: LuaTeX not detected.
Package: ifvtex 2010/03/01 v1.5 Switches for detecting VTeX and its modes (HO)
Package ifvtex Info: VTeX not detected.
Package: intcalc 2007/09/27 v1.1 Expandable integer calculations (HO)
Package: ifpdf 2011/01/30 v2.3 Provides the ifpdf switch (HO)
Package ifpdf Info: pdfTeX in PDF mode is detected.
Package: etexcmds 2011/02/16 v1.5 Prefix for e-TeX command names (HO)
Package etexcmds Info: Could not find \expanded.
(etexcmds)             That can mean that you are not using pdfTeX 1.50 or
(etexcmds)             that some package has redefined \expanded.
(etexcmds)             In the latter case, load this package earlier.
Package: kvsetkeys 2011/04/07 v1.13 Key value parser (HO)
Package: kvdefinekeys 2011/04/07 v1.3 Defining keys (HO)
Package: pdftexcmds 2011/04/22 v0.16 Utilities of pdfTeX for LuaTeX (HO)
Package pdftexcmds Info: LuaTeX not detected.
Package pdftexcmds Info: \pdf@primitive is available.
Package pdftexcmds Info: \pdf@ifprimitive is available.
Package pdftexcmds Info: \pdfdraftmode found.
Package: pdfescape 2011/04/04 v1.12 Provides string conversions (HO)
Package: bigintcalc 2011/01/30 v1.2 Expandable big integer calculations (HO)
Package: bitset 2011/01/30 v1.1 Data type bit set (HO)
Package: uniquecounter 2011/01/30 v1.2 Provides unlimited unique counter (HO)
)
Package hobsub Info: Skipping package `hobsub' (already loaded).
Package: letltxmacro 2010/09/02 v1.4 Let assignment for LaTeX macros (HO)
Package: hopatch 2011/01/30 v1.0 Wrapper for package hooks (HO)
Package: xcolor-patch 2011/01/30 xcolor patch
Package: atveryend 2011/04/23 v1.7 Hooks at very end of document (HO)
Package: atbegshi 2011/01/30 v1.15 At begin shipout hook (HO)
Package: refcount 2010/12/01 v3.2 Data extraction from references (HO)
Package: hycolor 2011/01/30 v1.7 Color options of hyperref/bookmark (HO)
)
("C:\Program Files (x86)\MiKTeX 2.9\tex\latex\graphics\keyval.sty"
Package: keyval 1999/03/16 v1.13 key=value parser (DPC)
\KV@toks@=\toks17
)
("C:\Program Files (x86)\MiKTeX 2.9\tex\generic\ifxetex\ifxetex.sty"
Package: ifxetex 2010/09/12 v0.6 Provides ifxetex conditional
)
("C:\Program Files (x86)\MiKTeX 2.9\tex\latex\oberdiek\kvoptions.sty"
Package: kvoptions 2010/12/23 v3.10 Keyval support for LaTeX options (HO)
)
\@linkdim=\dimen104
\Hy@linkcounter=\count92
\Hy@pagecounter=\count93

("C:\Program Files (x86)\MiKTeX 2.9\tex\latex\hyperref\pd1enc.def"
File: pd1enc.def 2011/08/19 v6.82h Hyperref: PDFDocEncoding definition (HO)
Now handling font encoding PD1 ...
... no UTF-8 mapping file for font encoding PD1
)
\Hy@SavedSpaceFactor=\count94

("C:\Program Files (x86)\MiKTeX 2.9\tex\latex\00miktex\hyperref.cfg"
File: hyperref.cfg 2002/06/06 v1.2 hyperref configuration of TeXLive
)
Package hyperref Info: Option `colorlinks' set `true' on input line 3932.
Package hyperref Info: Hyper figures OFF on input line 4053.
Package hyperref Info: Link nesting OFF on input line 4058.
Package hyperref Info: Hyper index ON on input line 4061.
Package hyperref Info: Plain pages OFF on input line 4068.
Package hyperref Info: Backreferencing OFF on input line 4073.
Package hyperref Info: Implicit mode ON; LaTeX internals redefined.
Package hyperref Info: Bookmarks ON on input line 4291.
\c@Hy@tempcnt=\count95

("C:\Program Files (x86)\MiKTeX 2.9\tex\latex\ltxmisc\url.sty"
\Urlmuskip=\muskip10
Package: url 2006/04/12  ver 3.3  Verb mode for urls, etc.
)
LaTeX Info: Redefining \url on input line 4644.
\Fld@menulength=\count96
\Field@Width=\dimen105
\Fld@charsize=\dimen106
Package hyperref Info: Hyper figures OFF on input line 5730.
Package hyperref Info: Link nesting OFF on input line 5735.
Package hyperref Info: Hyper index ON on input line 5738.
Package hyperref Info: backreferencing OFF on input line 5745.
Package hyperref Info: Link coloring ON on input line 5748.
Package hyperref Info: Link coloring with OCG OFF on input line 5755.
Package hyperref Info: PDF/A mode OFF on input line 5760.
LaTeX Info: Redefining \ref on input line 5800.
LaTeX Info: Redefining \pageref on input line 5804.
\Hy@abspage=\count97
\c@Item=\count98
\c@Hfootnote=\count99
)

Package hyperref Message: Driver (autodetected): hpdftex.

("C:\Program Files (x86)\MiKTeX 2.9\tex\latex\hyperref\hpdftex.def"
File: hpdftex.def 2011/08/19 v6.82h Hyperref driver for pdfTeX
\Fld@listcount=\count100
\c@bookmark@seq@number=\count101

("C:\Program Files (x86)\MiKTeX 2.9\tex\latex\oberdiek\rerunfilecheck.sty"
Package: rerunfilecheck 2011/04/15 v1.7 Rerun checks for auxiliary files (HO)
Package uniquecounter Info: New unique counter `rerunfilecheck' on input line 2
82.
)
\Hy@SectionHShift=\skip43
)
("C:\Program Files (x86)\MiKTeX 2.9\tex\latex\geometry\geometry.sty"
Package: geometry 2010/09/12 v5.6 Page Geometry
\Gm@cnth=\count102
\Gm@cntv=\count103
\c@Gm@tempcnt=\count104
\Gm@bindingoffset=\dimen107
\Gm@wd@mp=\dimen108
\Gm@odd@mp=\dimen109
\Gm@even@mp=\dimen110
\Gm@layoutwidth=\dimen111
\Gm@layoutheight=\dimen112
\Gm@layouthoffset=\dimen113
\Gm@layoutvoffset=\dimen114
\Gm@dimlist=\toks18

("C:\Program Files (x86)\MiKTeX 2.9\tex\latex\geometry\geometry.cfg"))
("C:\Program Files (x86)\MiKTeX 2.9\tex\latex\amsfonts\amsfonts.sty"
Package: amsfonts 2009/06/22 v3.00 Basic AMSFonts support
\@emptytoks=\toks19
\symAMSa=\mathgroup4
\symAMSb=\mathgroup5
LaTeX Font Info:    Overwriting math alphabet `\mathfrak' in version `bold'
(Font)                  U/euf/m/n --> U/euf/b/n on input line 96.
)
("C:\Program Files (x86)\MiKTeX 2.9\tex\latex\amsfonts\amssymb.sty"
Package: amssymb 2009/06/22 v3.00
)
("C:\Program Files (x86)\MiKTeX 2.9\tex\latex\ams\classes\amsthm.sty"
Package: amsthm 2004/08/06 v2.20
\thm@style=\toks20
\thm@bodyfont=\toks21
\thm@headfont=\toks22
\thm@notefont=\toks23
\thm@headpunct=\toks24
\thm@preskip=\skip44
\thm@postskip=\skip45
\thm@headsep=\skip46
\dth@everypar=\toks25
)
("C:\Program Files (x86)\MiKTeX 2.9\tex\latex\ams\math\amsmath.sty"
Package: amsmath 2000/07/18 v2.13 AMS math features
\@mathmargin=\skip47

For additional information on amsmath, use the `?' option.
("C:\Program Files (x86)\MiKTeX 2.9\tex\latex\ams\math\amstext.sty"
Package: amstext 2000/06/29 v2.01

("C:\Program Files (x86)\MiKTeX 2.9\tex\latex\ams\math\amsgen.sty"
File: amsgen.sty 1999/11/30 v2.0
\@emptytoks=\toks26
\ex@=\dimen115
))
("C:\Program Files (x86)\MiKTeX 2.9\tex\latex\ams\math\amsbsy.sty"
Package: amsbsy 1999/11/29 v1.2d
\pmbraise@=\dimen116
)
("C:\Program Files (x86)\MiKTeX 2.9\tex\latex\ams\math\amsopn.sty"
Package: amsopn 1999/12/14 v2.01 operator names
)
\inf@bad=\count105
LaTeX Info: Redefining \frac on input line 211.
\uproot@=\count106
\leftroot@=\count107
LaTeX Info: Redefining \overline on input line 307.
\classnum@=\count108
\DOTSCASE@=\count109
LaTeX Info: Redefining \ldots on input line 379.
LaTeX Info: Redefining \dots on input line 382.
LaTeX Info: Redefining \cdots on input line 467.
\Mathstrutbox@=\box26
\strutbox@=\box27
\big@size=\dimen117
LaTeX Font Info:    Redeclaring font encoding OML on input line 567.
LaTeX Font Info:    Redeclaring font encoding OMS on input line 568.
\macc@depth=\count110
\c@MaxMatrixCols=\count111
\dotsspace@=\muskip11
\c@parentequation=\count112
\dspbrk@lvl=\count113
\tag@help=\toks27
\row@=\count114
\column@=\count115
\maxfields@=\count116
\andhelp@=\toks28
\eqnshift@=\dimen118
\alignsep@=\dimen119
\tagshift@=\dimen120
\tagwidth@=\dimen121
\totwidth@=\dimen122
\lineht@=\dimen123
\@envbody=\toks29
\multlinegap=\skip48
\multlinetaggap=\skip49
\mathdisplay@stack=\toks30
LaTeX Info: Redefining \[ on input line 2666.
LaTeX Info: Redefining \] on input line 2667.
)
("C:\Program Files (x86)\MiKTeX 2.9\tex\latex\tools\array.sty"
Package: array 2008/09/09 v2.4c Tabular extension package (FMi)
\col@sep=\dimen124
\extrarowheight=\dimen125
\NC@list=\toks31
\extratabsurround=\skip50
\backup@length=\skip51
)
("C:\Program Files (x86)\MiKTeX 2.9\tex\latex\multirow\multirow.sty"
\bigstrutjot=\dimen126
)
(C:\Users\Dani\AppData\Roaming\MiKTeX\2.9\tex\latex\supertabular\supertabular.s
ty
Package: supertabular 2004/02/20 v4.1e the supertabular environment
\c@tracingst=\count117
\ST@wd=\dimen127
\ST@rightskip=\skip52
\ST@leftskip=\skip53
\ST@parfillskip=\skip54
\ST@pageleft=\dimen128
\ST@headht=\dimen129
\ST@tailht=\dimen130
\ST@pagesofar=\dimen131
\ST@pboxht=\dimen132
\ST@lineht=\dimen133
\ST@stretchht=\dimen134
\ST@prevht=\dimen135
\ST@toadd=\dimen136
\ST@dimen=\dimen137
\ST@pbox=\box28
) (C:\Users\Dani\AppData\Roaming\MiKTeX\2.9\tex\latex\listings\listings.sty
\lst@mode=\count118
\lst@gtempboxa=\box29
\lst@token=\toks32
\lst@length=\count119
\lst@currlwidth=\dimen138
\lst@column=\count120
\lst@pos=\count121
\lst@lostspace=\dimen139
\lst@width=\dimen140
\lst@newlines=\count122
\lst@lineno=\count123
\lst@maxwidth=\dimen141

(C:\Users\Dani\AppData\Roaming\MiKTeX\2.9\tex\latex\listings\lstmisc.sty
File: lstmisc.sty 2007/02/22 1.4 (Carsten Heinz)
\c@lstnumber=\count124
\lst@skipnumbers=\count125
\lst@framebox=\box30
)
(C:\Users\Dani\AppData\Roaming\MiKTeX\2.9\tex\latex\listings\listings.cfg
File: listings.cfg 2007/02/22 1.4 listings configuration
))
Package: listings 2007/02/22 1.4 (Carsten Heinz)

(C:\Users\Dani\AppData\Roaming\MiKTeX\2.9\tex\latex\caption\caption.sty
Package: caption 2011/11/10 v3.2e Customizing captions (AR)

(C:\Users\Dani\AppData\Roaming\MiKTeX\2.9\tex\latex\caption\caption3.sty
Package: caption3 2011/11/01 v1.4a caption3 kernel (AR)
\captionmargin=\dimen142
\captionmargin@=\dimen143
\captionwidth=\dimen144
\caption@indent=\dimen145
\caption@parindent=\dimen146
\caption@hangindent=\dimen147
)
\c@ContinuedFloat=\count126
Package caption Info: hyperref package is loaded.
Package caption Info: listings package is loaded.
Package caption Info: supertabular package is loaded.
)
("C:\Program Files (x86)\MiKTeX 2.9\tex\latex\eurosym\eurosym.sty"
Package: eurosym 1998/08/06 v1.1 European currency symbol ``Euro''
\@eurobox=\box31
)
("C:\Program Files (x86)\MiKTeX 2.9\tex\latex\float\float.sty"
Package: float 2001/11/08 v1.3d Float enhancements (AL)
\c@float@type=\count127
\float@exts=\toks33
\float@box=\box32
\@float@everytoks=\toks34
\@floatcapt=\box33
)
(C:\Users\Dani\AppData\Roaming\MiKTeX\2.9\tex\latex\preprint\fullpage.sty
Package: fullpage 1999/02/23 1.1 (PWD)
\FP@margin=\skip55
)
("C:\Program Files (x86)\MiKTeX 2.9\tex\latex\graphics\graphicx.sty"
Package: graphicx 1999/02/16 v1.0f Enhanced LaTeX Graphics (DPC,SPQR)

("C:\Program Files (x86)\MiKTeX 2.9\tex\latex\graphics\graphics.sty"
Package: graphics 2009/02/05 v1.0o Standard LaTeX Graphics (DPC,SPQR)

("C:\Program Files (x86)\MiKTeX 2.9\tex\latex\graphics\trig.sty"
Package: trig 1999/03/16 v1.09 sin cos tan (DPC)
)
("C:\Program Files (x86)\MiKTeX 2.9\tex\latex\00miktex\graphics.cfg"
File: graphics.cfg 2007/01/18 v1.5 graphics configuration of teTeX/TeXLive
)
Package graphics Info: Driver file: pdftex.def on input line 91.
)
\Gin@req@height=\dimen148
\Gin@req@width=\dimen149
)
(C:\Users\Dani\AppData\Roaming\MiKTeX\2.9\tex\latex\pgf\frontendlayer\tikz.sty
(C:\Users\Dani\AppData\Roaming\MiKTeX\2.9\tex\latex\pgf\basiclayer\pgf.sty
(C:\Users\Dani\AppData\Roaming\MiKTeX\2.9\tex\latex\pgf\utilities\pgfrcs.sty
(C:\Users\Dani\AppData\Roaming\MiKTeX\2.9\tex\generic\pgf\utilities\pgfutil-com
mon.tex
\pgfutil@everybye=\toks35
)
(C:\Users\Dani\AppData\Roaming\MiKTeX\2.9\tex\generic\pgf\utilities\pgfutil-lat
ex.def
\pgfutil@abb=\box34
 (C:\Users\Dani\AppData\Roaming\MiKTeX\2.9\tex\latex\ms\everyshi.sty
Package: everyshi 2001/05/15 v3.00 EveryShipout Package (MS)
))
(C:\Users\Dani\AppData\Roaming\MiKTeX\2.9\tex\generic\pgf\utilities\pgfrcs.code
.tex
Package: pgfrcs 2010/10/25 v2.10 (rcs-revision 1.24)
))
Package: pgf 2008/01/15 v2.10 (rcs-revision 1.12)

(C:\Users\Dani\AppData\Roaming\MiKTeX\2.9\tex\latex\pgf\basiclayer\pgfcore.sty
(C:\Users\Dani\AppData\Roaming\MiKTeX\2.9\tex\latex\pgf\systemlayer\pgfsys.sty
(C:\Users\Dani\AppData\Roaming\MiKTeX\2.9\tex\generic\pgf\systemlayer\pgfsys.co
de.tex
Package: pgfsys 2010/06/30 v2.10 (rcs-revision 1.37)

(C:\Users\Dani\AppData\Roaming\MiKTeX\2.9\tex\generic\pgf\utilities\pgfkeys.cod
e.tex
\pgfkeys@pathtoks=\toks36
\pgfkeys@temptoks=\toks37

(C:\Users\Dani\AppData\Roaming\MiKTeX\2.9\tex\generic\pgf\utilities\pgfkeysfilt
ered.code.tex
\pgfkeys@tmptoks=\toks38
))
\pgf@x=\dimen150
\pgf@y=\dimen151
\pgf@xa=\dimen152
\pgf@ya=\dimen153
\pgf@xb=\dimen154
\pgf@yb=\dimen155
\pgf@xc=\dimen156
\pgf@yc=\dimen157
\w@pgf@writea=\write3
\r@pgf@reada=\read1
\c@pgf@counta=\count128
\c@pgf@countb=\count129
\c@pgf@countc=\count130
\c@pgf@countd=\count131

(C:\Users\Dani\AppData\Roaming\MiKTeX\2.9\tex\generic\pgf\systemlayer\pgf.cfg
File: pgf.cfg 2008/05/14  (rcs-revision 1.7)
)
Package pgfsys Info: Driver file for pgf: pgfsys-pdftex.def on input line 900.

(C:\Users\Dani\AppData\Roaming\MiKTeX\2.9\tex\generic\pgf\systemlayer\pgfsys-pd
ftex.def
File: pgfsys-pdftex.def 2009/05/22  (rcs-revision 1.26)

(C:\Users\Dani\AppData\Roaming\MiKTeX\2.9\tex\generic\pgf\systemlayer\pgfsys-co
mmon-pdf.def
File: pgfsys-common-pdf.def 2008/05/19  (rcs-revision 1.10)
)))
(C:\Users\Dani\AppData\Roaming\MiKTeX\2.9\tex\generic\pgf\systemlayer\pgfsyssof
tpath.code.tex
File: pgfsyssoftpath.code.tex 2008/07/18  (rcs-revision 1.7)
\pgfsyssoftpath@smallbuffer@items=\count132
\pgfsyssoftpath@bigbuffer@items=\count133
)
(C:\Users\Dani\AppData\Roaming\MiKTeX\2.9\tex\generic\pgf\systemlayer\pgfsyspro
tocol.code.tex
File: pgfsysprotocol.code.tex 2006/10/16  (rcs-revision 1.4)
))
(C:\Users\Dani\AppData\Roaming\MiKTeX\2.9\tex\latex\xcolor\xcolor.sty
Package: xcolor 2007/01/21 v2.11 LaTeX color extensions (UK)

("C:\Program Files (x86)\MiKTeX 2.9\tex\latex\00miktex\color.cfg"
File: color.cfg 2007/01/18 v1.5 color configuration of teTeX/TeXLive
)
Package xcolor Info: Driver file: pdftex.def on input line 225.
LaTeX Info: Redefining \color on input line 702.
Package xcolor Info: Model `cmy' substituted by `cmy0' on input line 1337.
Package xcolor Info: Model `hsb' substituted by `rgb' on input line 1341.
Package xcolor Info: Model `RGB' extended on input line 1353.
Package xcolor Info: Model `HTML' substituted by `rgb' on input line 1355.
Package xcolor Info: Model `Hsb' substituted by `hsb' on input line 1356.
Package xcolor Info: Model `tHsb' substituted by `hsb' on input line 1357.
Package xcolor Info: Model `HSB' substituted by `hsb' on input line 1358.
Package xcolor Info: Model `Gray' substituted by `gray' on input line 1359.
Package xcolor Info: Model `wave' substituted by `hsb' on input line 1360.
)
(C:\Users\Dani\AppData\Roaming\MiKTeX\2.9\tex\generic\pgf\basiclayer\pgfcore.co
de.tex
Package: pgfcore 2010/04/11 v2.10 (rcs-revision 1.7)

(C:\Users\Dani\AppData\Roaming\MiKTeX\2.9\tex\generic\pgf\math\pgfmath.code.tex

(C:\Users\Dani\AppData\Roaming\MiKTeX\2.9\tex\generic\pgf\math\pgfmathcalc.code
.tex
(C:\Users\Dani\AppData\Roaming\MiKTeX\2.9\tex\generic\pgf\math\pgfmathutil.code
.tex)
(C:\Users\Dani\AppData\Roaming\MiKTeX\2.9\tex\generic\pgf\math\pgfmathparser.co
de.tex
\pgfmath@dimen=\dimen158
\pgfmath@count=\count134
\pgfmath@box=\box35
\pgfmath@toks=\toks39
\pgfmath@stack@operand=\toks40
\pgfmath@stack@operation=\toks41
)
(C:\Users\Dani\AppData\Roaming\MiKTeX\2.9\tex\generic\pgf\math\pgfmathfunctions
.code.tex
(C:\Users\Dani\AppData\Roaming\MiKTeX\2.9\tex\generic\pgf\math\pgfmathfunctions
.basic.code.tex)
(C:\Users\Dani\AppData\Roaming\MiKTeX\2.9\tex\generic\pgf\math\pgfmathfunctions
.trigonometric.code.tex)
(C:\Users\Dani\AppData\Roaming\MiKTeX\2.9\tex\generic\pgf\math\pgfmathfunctions
.random.code.tex)
(C:\Users\Dani\AppData\Roaming\MiKTeX\2.9\tex\generic\pgf\math\pgfmathfunctions
.comparison.code.tex)
(C:\Users\Dani\AppData\Roaming\MiKTeX\2.9\tex\generic\pgf\math\pgfmathfunctions
.base.code.tex)
(C:\Users\Dani\AppData\Roaming\MiKTeX\2.9\tex\generic\pgf\math\pgfmathfunctions
.round.code.tex)
(C:\Users\Dani\AppData\Roaming\MiKTeX\2.9\tex\generic\pgf\math\pgfmathfunctions
.misc.code.tex)))
(C:\Users\Dani\AppData\Roaming\MiKTeX\2.9\tex\generic\pgf\math\pgfmathfloat.cod
e.tex
\c@pgfmathroundto@lastzeros=\count135
))
(C:\Users\Dani\AppData\Roaming\MiKTeX\2.9\tex\generic\pgf\basiclayer\pgfcorepoi
nts.code.tex
File: pgfcorepoints.code.tex 2010/04/09  (rcs-revision 1.20)
\pgf@picminx=\dimen159
\pgf@picmaxx=\dimen160
\pgf@picminy=\dimen161
\pgf@picmaxy=\dimen162
\pgf@pathminx=\dimen163
\pgf@pathmaxx=\dimen164
\pgf@pathminy=\dimen165
\pgf@pathmaxy=\dimen166
\pgf@xx=\dimen167
\pgf@xy=\dimen168
\pgf@yx=\dimen169
\pgf@yy=\dimen170
\pgf@zx=\dimen171
\pgf@zy=\dimen172
)
(C:\Users\Dani\AppData\Roaming\MiKTeX\2.9\tex\generic\pgf\basiclayer\pgfcorepat
hconstruct.code.tex
File: pgfcorepathconstruct.code.tex 2010/08/03  (rcs-revision 1.24)
\pgf@path@lastx=\dimen173
\pgf@path@lasty=\dimen174
)
(C:\Users\Dani\AppData\Roaming\MiKTeX\2.9\tex\generic\pgf\basiclayer\pgfcorepat
husage.code.tex
File: pgfcorepathusage.code.tex 2008/04/22  (rcs-revision 1.12)
\pgf@shorten@end@additional=\dimen175
\pgf@shorten@start@additional=\dimen176
)
(C:\Users\Dani\AppData\Roaming\MiKTeX\2.9\tex\generic\pgf\basiclayer\pgfcoresco
pes.code.tex
File: pgfcorescopes.code.tex 2010/09/08  (rcs-revision 1.34)
\pgfpic=\box36
\pgf@hbox=\box37
\pgf@layerbox@main=\box38
\pgf@picture@serial@count=\count136
)
(C:\Users\Dani\AppData\Roaming\MiKTeX\2.9\tex\generic\pgf\basiclayer\pgfcoregra
phicstate.code.tex
File: pgfcoregraphicstate.code.tex 2008/04/22  (rcs-revision 1.9)
\pgflinewidth=\dimen177
)
(C:\Users\Dani\AppData\Roaming\MiKTeX\2.9\tex\generic\pgf\basiclayer\pgfcoretra
nsformations.code.tex
File: pgfcoretransformations.code.tex 2009/06/10  (rcs-revision 1.11)
\pgf@pt@x=\dimen178
\pgf@pt@y=\dimen179
\pgf@pt@temp=\dimen180
)
(C:\Users\Dani\AppData\Roaming\MiKTeX\2.9\tex\generic\pgf\basiclayer\pgfcorequi
ck.code.tex
File: pgfcorequick.code.tex 2008/10/09  (rcs-revision 1.3)
)
(C:\Users\Dani\AppData\Roaming\MiKTeX\2.9\tex\generic\pgf\basiclayer\pgfcoreobj
ects.code.tex
File: pgfcoreobjects.code.tex 2006/10/11  (rcs-revision 1.2)
)
(C:\Users\Dani\AppData\Roaming\MiKTeX\2.9\tex\generic\pgf\basiclayer\pgfcorepat
hprocessing.code.tex
File: pgfcorepathprocessing.code.tex 2008/10/09  (rcs-revision 1.8)
)
(C:\Users\Dani\AppData\Roaming\MiKTeX\2.9\tex\generic\pgf\basiclayer\pgfcorearr
ows.code.tex
File: pgfcorearrows.code.tex 2008/04/23  (rcs-revision 1.11)
)
(C:\Users\Dani\AppData\Roaming\MiKTeX\2.9\tex\generic\pgf\basiclayer\pgfcoresha
de.code.tex
File: pgfcoreshade.code.tex 2008/11/23  (rcs-revision 1.13)
\pgf@max=\dimen181
\pgf@sys@shading@range@num=\count137
)
(C:\Users\Dani\AppData\Roaming\MiKTeX\2.9\tex\generic\pgf\basiclayer\pgfcoreima
ge.code.tex
File: pgfcoreimage.code.tex 2010/03/25  (rcs-revision 1.16)

(C:\Users\Dani\AppData\Roaming\MiKTeX\2.9\tex\generic\pgf\basiclayer\pgfcoreext
ernal.code.tex
File: pgfcoreexternal.code.tex 2010/09/01  (rcs-revision 1.17)
\pgfexternal@startupbox=\box39
))
(C:\Users\Dani\AppData\Roaming\MiKTeX\2.9\tex\generic\pgf\basiclayer\pgfcorelay
ers.code.tex
File: pgfcorelayers.code.tex 2010/08/27  (rcs-revision 1.2)
)
(C:\Users\Dani\AppData\Roaming\MiKTeX\2.9\tex\generic\pgf\basiclayer\pgfcoretra
nsparency.code.tex
File: pgfcoretransparency.code.tex 2008/01/17  (rcs-revision 1.2)
)
(C:\Users\Dani\AppData\Roaming\MiKTeX\2.9\tex\generic\pgf\basiclayer\pgfcorepat
terns.code.tex
File: pgfcorepatterns.code.tex 2009/07/02  (rcs-revision 1.3)
)))
(C:\Users\Dani\AppData\Roaming\MiKTeX\2.9\tex\generic\pgf\modules\pgfmoduleshap
es.code.tex
File: pgfmoduleshapes.code.tex 2010/09/09  (rcs-revision 1.13)
\pgfnodeparttextbox=\box40
)
(C:\Users\Dani\AppData\Roaming\MiKTeX\2.9\tex\generic\pgf\modules\pgfmoduleplot
.code.tex
File: pgfmoduleplot.code.tex 2010/10/22  (rcs-revision 1.8)
)
(C:\Users\Dani\AppData\Roaming\MiKTeX\2.9\tex\latex\pgf\compatibility\pgfcomp-v
ersion-0-65.sty
Package: pgfcomp-version-0-65 2007/07/03 v2.10 (rcs-revision 1.7)
\pgf@nodesepstart=\dimen182
\pgf@nodesepend=\dimen183
)
(C:\Users\Dani\AppData\Roaming\MiKTeX\2.9\tex\latex\pgf\compatibility\pgfcomp-v
ersion-1-18.sty
Package: pgfcomp-version-1-18 2007/07/23 v2.10 (rcs-revision 1.1)
))
(C:\Users\Dani\AppData\Roaming\MiKTeX\2.9\tex\latex\pgf\utilities\pgffor.sty
(C:\Users\Dani\AppData\Roaming\MiKTeX\2.9\tex\latex\pgf\utilities\pgfkeys.sty
(C:\Users\Dani\AppData\Roaming\MiKTeX\2.9\tex\generic\pgf\utilities\pgfkeys.cod
e.tex))
(C:\Users\Dani\AppData\Roaming\MiKTeX\2.9\tex\generic\pgf\utilities\pgffor.code
.tex
Package: pgffor 2010/03/23 v2.10 (rcs-revision 1.18)
\pgffor@iter=\dimen184
\pgffor@skip=\dimen185
\pgffor@stack=\toks42
\pgffor@toks=\toks43
))
(C:\Users\Dani\AppData\Roaming\MiKTeX\2.9\tex\generic\pgf\frontendlayer\tikz\ti
kz.code.tex
Package: tikz 2010/10/13 v2.10 (rcs-revision 1.76)

(C:\Users\Dani\AppData\Roaming\MiKTeX\2.9\tex\generic\pgf\libraries\pgflibraryp
lothandlers.code.tex
File: pgflibraryplothandlers.code.tex 2010/05/31 v2.10 (rcs-revision 1.15)
\pgf@plot@mark@count=\count138
\pgfplotmarksize=\dimen186
)
\tikz@lastx=\dimen187
\tikz@lasty=\dimen188
\tikz@lastxsaved=\dimen189
\tikz@lastysaved=\dimen190
\tikzleveldistance=\dimen191
\tikzsiblingdistance=\dimen192
\tikz@figbox=\box41
\tikz@tempbox=\box42
\tikztreelevel=\count139
\tikznumberofchildren=\count140
\tikznumberofcurrentchild=\count141
\tikz@fig@count=\count142

(C:\Users\Dani\AppData\Roaming\MiKTeX\2.9\tex\generic\pgf\modules\pgfmodulematr
ix.code.tex
File: pgfmodulematrix.code.tex 2010/08/24  (rcs-revision 1.4)
\pgfmatrixcurrentrow=\count143
\pgfmatrixcurrentcolumn=\count144
\pgf@matrix@numberofcolumns=\count145
)
\tikz@expandcount=\count146

(C:\Users\Dani\AppData\Roaming\MiKTeX\2.9\tex\generic\pgf\frontendlayer\tikz\li
braries\tikzlibrarytopaths.code.tex
File: tikzlibrarytopaths.code.tex 2008/06/17 v2.10 (rcs-revision 1.2)
))))
(C:\gestiongrados\gestiongrados\doc\memoria\memoria_pfc\estilos\colores.sty)
(C:\gestiongrados\gestiongrados\doc\memoria\memoria_pfc\estilos\comandos.sty
\c@defin=\count147
\savedwidth=\skip56
)
("C:\Program Files (x86)\MiKTeX 2.9\tex\latex\tools\longtable.sty"
Package: longtable 2004/02/01 v4.11 Multi-page Table package (DPC)
\LTleft=\skip57
\LTright=\skip58
\LTpre=\skip59
\LTpost=\skip60
\LTchunksize=\count148
\LTcapwidth=\dimen193
\LT@head=\box43
\LT@firsthead=\box44
\LT@foot=\box45
\LT@lastfoot=\box46
\LT@cols=\count149
\LT@rows=\count150
\c@LT@tables=\count151
\c@LT@chunks=\count152
\LT@p@ftn=\toks44
)
(C:\gestiongrados\gestiongrados\doc\memoria\memoria_pfc\memoria.aux

LaTeX Warning: Label `gannt' multiply defined.

)
LaTeX Font Info:    Checking defaults for OML/cmm/m/it on input line 33.
LaTeX Font Info:    ... okay on input line 33.
LaTeX Font Info:    Checking defaults for T1/cmr/m/n on input line 33.
LaTeX Font Info:    ... okay on input line 33.
LaTeX Font Info:    Checking defaults for OT1/cmr/m/n on input line 33.
LaTeX Font Info:    ... okay on input line 33.
LaTeX Font Info:    Checking defaults for OMS/cmsy/m/n on input line 33.
LaTeX Font Info:    ... okay on input line 33.
LaTeX Font Info:    Checking defaults for OMX/cmex/m/n on input line 33.
LaTeX Font Info:    ... okay on input line 33.
LaTeX Font Info:    Checking defaults for U/cmr/m/n on input line 33.
LaTeX Font Info:    ... okay on input line 33.
LaTeX Font Info:    Checking defaults for PD1/pdf/m/n on input line 33.
LaTeX Font Info:    ... okay on input line 33.
LaTeX Font Info:    Try loading font information for T1+ptm on input line 33.
 ("C:\Program Files (x86)\MiKTeX 2.9\tex\latex\psnfss\t1ptm.fd"
File: t1ptm.fd 2001/06/04 font definitions for T1/ptm.
)
(C:\Users\Dani\AppData\Roaming\MiKTeX\2.9\tex\context\base\supp-pdf.mkii
[Loading MPS to PDF converter (version 2006.09.02).]
\scratchcounter=\count153
\scratchdimen=\dimen194
\scratchbox=\box47
\nofMPsegments=\count154
\nofMParguments=\count155
\everyMPshowfont=\toks45
\MPscratchCnt=\count156
\MPscratchDim=\dimen195
\MPnumerator=\count157
\makeMPintoPDFobject=\count158
\everyMPtoPDFconversion=\toks46
)
\AtBeginShipoutBox=\box48
Package hyperref Info: Link coloring ON on input line 33.
 ("C:\Program Files (x86)\MiKTeX 2.9\tex\latex\hyperref\nameref.sty"
Package: nameref 2010/04/30 v2.40 Cross-referencing by name of section

("C:\Program Files (x86)\MiKTeX 2.9\tex\generic\oberdiek\gettitlestring.sty"
Package: gettitlestring 2010/12/03 v1.4 Cleanup title references (HO)
)
\c@section@level=\count159
)
LaTeX Info: Redefining \ref on input line 33.
LaTeX Info: Redefining \pageref on input line 33.
LaTeX Info: Redefining \nameref on input line 33.

(C:\gestiongrados\gestiongrados\doc\memoria\memoria_pfc\memoria.out)
(C:\gestiongrados\gestiongrados\doc\memoria\memoria_pfc\memoria.out)
\@outlinefile=\write4

*geometry* driver: auto-detecting
*geometry* detected driver: pdftex
*geometry* verbose mode - [ preamble ] result:
* driver: pdftex
* paper: a4paper
* layout: <same size as paper>
* layoutoffset:(h,v)=(0.0pt,0.0pt)
* modes: twoside 
* h-part:(L,W,R)=(71.13188pt, 455.24411pt, 71.13188pt)
* v-part:(T,H,B)=(99.58464pt, 645.87756pt, 99.58464pt)
* \paperwidth=597.50787pt
* \paperheight=845.04684pt
* \textwidth=452.9679pt
* \textheight=673.04391pt
* \oddsidemargin=0.0pt
* \evensidemargin=0.0pt
* \topmargin=0.0pt
* \headheight=0.0pt
* \headsep=0.0pt
* \topskip=11.0pt
* \footskip=27.46295pt
* \marginparwidth=106.0pt
* \marginparsep=7.0pt
* \columnsep=10.0pt
* \skip\footins=10.0pt plus 4.0pt minus 2.0pt
* \hoffset=0.0pt
* \voffset=0.0pt
* \mag=1000
* \@twocolumnfalse
* \@twosidetrue
* \@mparswitchtrue
* \@reversemarginfalse
* (1in=72.27pt=25.4mm, 1cm=28.453pt)

\c@lstlisting=\count160
Package caption Info: Begin \AtBeginDocument code.
Package caption Info: float package is loaded.
Package caption Info: longtable package is loaded.
(C:\Users\Dani\AppData\Roaming\MiKTeX\2.9\tex\latex\caption\ltcaption.sty
Package: ltcaption 2011/09/12 v1.3 longtable captions (AR)
)
Package caption Info: End \AtBeginDocument code.

ABD: EveryShipout initializing macros
(C:\gestiongrados\gestiongrados\doc\memoria\memoria_pfc\portada.tex
<./imagenes/logo_uca.png, id=530, 468.75125pt x 602.25pt>
File: ./imagenes/logo_uca.png Graphic file (type png)

<use ./imagenes/logo_uca.png>
Package pdftex.def Info: ./imagenes/logo_uca.png used on input line 14.
(pdftex.def)             Requested size: 93.74858pt x 120.44786pt.
LaTeX Font Info:    Font shape `T1/ptm/bx/n' in size <17.28> not available
(Font)              Font shape `T1/ptm/b/n' tried instead on input line 18.
LaTeX Font Info:    Font shape `T1/ptm/bx/n' in size <14.4> not available
(Font)              Font shape `T1/ptm/b/n' tried instead on input line 22.
 [1


{C:/Users/Dani/AppData/Local/MiKTeX/2.9/pdftex/config/pdftex.map} <C:/gestiongr
ados/gestiongrados/doc/memoria/memoria_pfc/imagenes/logo_uca.png>]) [2

]
(C:\gestiongrados\gestiongrados\doc\memoria\memoria_pfc\primerahoja.tex
File: ./imagenes/logo_uca.png Graphic file (type png)

<use ./imagenes/logo_uca.png>
Package pdftex.def Info: ./imagenes/logo_uca.png used on input line 12.
(pdftex.def)             Requested size: 93.74858pt x 120.44786pt.
) [3] [4

]
(C:\gestiongrados\gestiongrados\doc\memoria\memoria_pfc\previo.tex [1

] [2

]
Underfull \hbox (badness 10000) in paragraph at lines 18--21

 []


Underfull \hbox (badness 10000) in paragraph at lines 22--23

 []


Underfull \hbox (badness 10000) in paragraph at lines 24--29

 []

[3] [4

]
Underfull \hbox (badness 10000) in paragraph at lines 34--36

 []

LaTeX Font Info:    Try loading font information for T1+pcr on input line 38.
("C:\Program Files (x86)\MiKTeX 2.9\tex\latex\psnfss\t1pcr.fd"
File: t1pcr.fd 2001/06/04 font definitions for T1/pcr.
)
Underfull \hbox (badness 10000) in paragraph at lines 37--39

 []

LaTeX Font Info:    Font shape `T1/ptm/bx/n' in size <8> not available
(Font)              Font shape `T1/ptm/b/n' tried instead on input line 41.
LaTeX Font Info:    Font shape `T1/pcr/bx/n' in size <8> not available
(Font)              Font shape `T1/pcr/b/n' tried instead on input line 41.
(C:\Users\Dani\AppData\Roaming\MiKTeX\2.9\tex\latex\listings\lstlang1.sty
File: lstlang1.sty 2004/09/05 1.3 listings language file
)
(C:\Users\Dani\AppData\Roaming\MiKTeX\2.9\tex\latex\listings\lstlang2.sty
File: lstlang2.sty 2004/09/05 1.3 listings language file
)
LaTeX Font Info:    Font shape `T1/pcr/bx/n' in size <10> not available
(Font)              Font shape `T1/pcr/b/n' tried instead on input line 56.
)
[5] [6

]
LaTeX Font Info:    Font shape `T1/ptm/bx/n' in size <24.88> not available
(Font)              Font shape `T1/ptm/b/n' tried instead on input line 54.
 (C:\gestiongrados\gestiongrados\doc\memoria\memoria_pfc\memoria.toc
LaTeX Font Info:    Font shape `T1/ptm/bx/n' in size <10.95> not available
(Font)              Font shape `T1/ptm/b/n' tried instead on input line 2.
LaTeX Font Info:    Try loading font information for U+msa on input line 3.

("C:\Program Files (x86)\MiKTeX 2.9\tex\latex\amsfonts\umsa.fd"
File: umsa.fd 2009/06/22 v3.00 AMS symbols A
)
LaTeX Font Info:    Try loading font information for U+msb on input line 3.

("C:\Program Files (x86)\MiKTeX 2.9\tex\latex\amsfonts\umsb.fd"
File: umsb.fd 2009/06/22 v3.00 AMS symbols B
) [7

] [8]
[9])
\tf@toc=\write5
 [10] (C:\gestiongrados\gestiongrados\doc\memoria\memoria_pfc\memoria.lof
[11

])
\tf@lof=\write6
 [12] (C:\gestiongrados\gestiongrados\doc\memoria\memoria_pfc\memoria.lot)
\tf@lot=\write7
[13

] [14

]
Cap\'{\i }tulo 1.
LaTeX Font Info:    Font shape `T1/ptm/bx/n' in size <20.74> not available
(Font)              Font shape `T1/ptm/b/n' tried instead on input line 60.
(C:\gestiongrados\gestiongrados\doc\memoria\memoria_pfc\cap1.tex
Underfull \hbox (badness 10000) in paragraph at lines 10--11

 []


Underfull \hbox (badness 10000) in paragraph at lines 14--15

 []


Underfull \hbox (badness 10000) in paragraph at lines 16--17

 []

pdfTeX warning (ext4): destination with the same identifier (name{page.1}) has 
been already used, duplicate ignored
<to be read again> 
                   \relax 
l.31 \item {
            \bf Pruebas y validaciones:} pruebas realizadas al software para...
[1

]
LaTeX Font Info:    Try loading font information for OMS+ptm on input line 35.
 ("C:\Program Files (x86)\MiKTeX 2.9\tex\latex\psnfss\omsptm.fd"
File: omsptm.fd 
)
LaTeX Font Info:    Font shape `OMS/ptm/m/n' in size <10.95> not available
(Font)              Font shape `OMS/cmsy/m/n' tried instead on input line 35.
)pdfTeX warning (ext4): destination with the same identifier (name{page.2}) has
 been already used, duplicate ignored
<to be read again> 
                   \relax 
l.62 \chapter
             {Planificación} [2]
Cap\'{\i }tulo 2.
(C:\gestiongrados\gestiongrados\doc\memoria\memoria_pfc\cap2.texpdfTeX warning 
(ext4): destination with the same identifier (name{page.3}) has been already us
ed, duplicate ignored
<to be read again> 
                   \relax 
l.24 \section
             {Pruebas} [3

]pdfTeX warning (ext4): destination with the same identifier (name{page.4}) has
 been already used, duplicate ignored
<to be read again> 
                   \relax 
l.33 \newpage
              [4] <./imagenes/gantt1.PNG, id=916, 1063.72406pt x 498.36188pt>
File: ./imagenes/gantt1.PNG Graphic file (type png)

<use ./imagenes/gantt1.PNG>
Package pdftex.def Info: ./imagenes/gantt1.PNG used on input line 36.
(pdftex.def)             Requested size: 638.23936pt x 299.01942pt.

Overfull \vbox (0.79544pt too high) has occurred while \output is active []


[5 <C:/gestiongrados/gestiongrados/doc/memoria/memoria_pfc/imagenes/gantt1.PNG>
] <./imagenes/gantt2.PNG, id=923, 1371.62437pt x 689.57625pt>
File: ./imagenes/gantt2.PNG Graphic file (type png)

<use ./imagenes/gantt2.PNG>
Package pdftex.def Info: ./imagenes/gantt2.PNG used on input line 39.
(pdftex.def)             Requested size: 685.81052pt x 344.78728pt.

Overfull \vbox (48.3666pt too high) has occurred while \output is active []


[6 <C:/gestiongrados/gestiongrados/doc/memoria/memoria_pfc/imagenes/gantt2.PNG>
])
Cap\'{\i }tulo 3.
(C:\gestiongrados\gestiongrados\doc\memoria\memoria_pfc\cap3.tex
LaTeX Font Info:    Font shape `T1/ptm/bx/n' in size <12> not available
(Font)              Font shape `T1/ptm/b/n' tried instead on input line 11.
 [7

]
Underfull \hbox (badness 10000) in paragraph at lines 28--29

 []


Underfull \hbox (badness 10000) in paragraph at lines 30--31

 []


Underfull \hbox (badness 10000) in paragraph at lines 32--33

 []

) [8]
Cap\'{\i }tulo 4.
(C:\gestiongrados\gestiongrados\doc\memoria\memoria_pfc\analisis.tex
<./imagenes/./gestionusuarios.png, id=940, 613.29124pt x 603.25375pt>
File: ./imagenes/./gestionusuarios.png Graphic file (type png)

<use ./imagenes/./gestionusuarios.png>
Package pdftex.def Info: ./imagenes/./gestionusuarios.png used on input line 12
.
(pdftex.def)             Requested size: 306.64487pt x 301.62613pt.

Underfull \vbox (badness 10000) has occurred while \output is active []

 [9

]
[10 <C:/gestiongrados/gestiongrados/doc/memoria/memoria_pfc/imagenes/gestionusu
arios.png (PNG copy)>] [11]
<./imagenes/./gestiontitulaciones.png, id=973, 957.5775pt x 691.58376pt>
File: ./imagenes/./gestiontitulaciones.png Graphic file (type png)

<use ./imagenes/./gestiontitulaciones.png>
Package pdftex.def Info: ./imagenes/./gestiontitulaciones.png used on input lin
e 114.
(pdftex.def)             Requested size: 478.78758pt x 345.79103pt.

Overfull \hbox (25.81969pt too wide) in paragraph at lines 114--115
 [] 
 []

[12 <C:/gestiongrados/gestiongrados/doc/memoria/memoria_pfc/imagenes/gestiontit
ulaciones.png (PNG copy)>] [13] [14]
<./imagenes/./gestionasignaturas.png, id=1022, 930.47626pt x 739.76375pt>
File: ./imagenes/./gestionasignaturas.png Graphic file (type png)

<use ./imagenes/./gestionasignaturas.png>
Package pdftex.def Info: ./imagenes/./gestionasignaturas.png used on input line
 290.
(pdftex.def)             Requested size: 465.23698pt x 369.88097pt.

Overfull \hbox (12.26909pt too wide) in paragraph at lines 290--291
 [] 
 []


Underfull \vbox (badness 10000) has occurred while \output is active []

 [15]
[16 <C:/gestiongrados/gestiongrados/doc/memoria/memoria_pfc/imagenes/gestionasi
gnaturas.png (PNG copy)>]

LaTeX Warning: Hyper reference `duplicar_asignatura' on page 17 undefined on in
put line 336.

[17] [18] <./imagenes/./gestioncursos.png, id=1086, 1017.8025pt x 594.22pt>
File: ./imagenes/./gestioncursos.png Graphic file (type png)

<use ./imagenes/./gestioncursos.png>
Package pdftex.def Info: ./imagenes/./gestioncursos.png used on input line 475.

(pdftex.def)             Requested size: 508.90001pt x 297.10927pt.

Overfull \hbox (55.93211pt too wide) in paragraph at lines 475--476
 [] 
 []


Underfull \vbox (badness 6284) has occurred while \output is active []

 [19]
[20 <C:/gestiongrados/gestiongrados/doc/memoria/memoria_pfc/imagenes/gestioncur
sos.png (PNG copy)>]

LaTeX Warning: Hyper reference `select_curso' on page 21 undefined on input lin
e 550.

[21]

LaTeX Warning: Hyper reference `select_curso' on page 22 undefined on input lin
e 591.


LaTeX Warning: Hyper reference `select_curso' on page 22 undefined on input lin
e 613.

<./imagenes/./gestionplanificacion.png, id=1131, 889.3225pt x 703.62875pt>
File: ./imagenes/./gestionplanificacion.png Graphic file (type png)

<use ./imagenes/./gestionplanificacion.png>
Package pdftex.def Info: ./imagenes/./gestionplanificacion.png used on input li
ne 636.
(pdftex.def)             Requested size: 444.66016pt x 351.8135pt.
 [22]

LaTeX Warning: Hyper reference `select_curso' on page 23 undefined on input lin
e 649.

[23 <C:/gestiongrados/gestiongrados/doc/memoria/memoria_pfc/imagenes/gestionpla
nificacion.png (PNG copy)>]

LaTeX Warning: Hyper reference `duplicar_carga' on page 24 undefined on input l
ine 663.


LaTeX Warning: Hyper reference `select_curso' on page 24 undefined on input lin
e 691.

[24]

LaTeX Warning: Hyper reference `select_curso' on page 25 undefined on input lin
e 730.


LaTeX Warning: Hyper reference `select_curso' on page 25 undefined on input lin
e 764.

[25]

LaTeX Warning: Hyper reference `select_curso' on page 26 undefined on input lin
e 818.

<./imagenes/./gestioncalendario.png, id=1210, 1055.945pt x 726.715pt>
File: ./imagenes/./gestioncalendario.png Graphic file (type png)

<use ./imagenes/./gestioncalendario.png>
Package pdftex.def Info: ./imagenes/./gestioncalendario.png used on input line 
840.
(pdftex.def)             Requested size: 527.9712pt x 363.3566pt.

Overfull \hbox (75.00331pt too wide) in paragraph at lines 840--841
 [] 
 []

[26]

LaTeX Warning: Hyper reference `select_curso' on page 27 undefined on input lin
e 854.

[27 <C:/gestiongrados/gestiongrados/doc/memoria/memoria_pfc/imagenes/gestioncal
endario.png (PNG copy)>]

LaTeX Warning: Hyper reference `select_curso' on page 28 undefined on input lin
e 886.


LaTeX Warning: Hyper reference `select_curso' on page 28 undefined on input lin
e 914.

[28]

LaTeX Warning: Hyper reference `select_curso' on page 29 undefined on input lin
e 929.


LaTeX Warning: Hyper reference `select_curso' on page 29 undefined on input lin
e 948.

<./imagenes/./gestionhorarios.png, id=1255, 946.53625pt x 771.88374pt>
File: ./imagenes/./gestionhorarios.png Graphic file (type png)

<use ./imagenes/./gestionhorarios.png>
Package pdftex.def Info: ./imagenes/./gestionhorarios.png used on input line 96
5.
(pdftex.def)             Requested size: 473.26697pt x 385.94092pt.

Overfull \hbox (20.29907pt too wide) in paragraph at lines 965--966
 [] 
 []


Underfull \vbox (badness 1264) has occurred while \output is active []

 [29]

LaTeX Warning: Hyper reference `select_curso' on page 30 undefined on input lin
e 979.

[30 <C:/gestiongrados/gestiongrados/doc/memoria/memoria_pfc/imagenes/gestionhor
arios.png (PNG copy)>] [31] [32] [33]
<./imagenes/./gestionaulas.png, id=1342, 948.54375pt x 623.32875pt>
File: ./imagenes/./gestionaulas.png Graphic file (type png)

<use ./imagenes/./gestionaulas.png>
Package pdftex.def Info: ./imagenes/./gestionaulas.png used on input line 1192.

(pdftex.def)             Requested size: 474.2707pt x 311.6636pt.

Overfull \hbox (21.30281pt too wide) in paragraph at lines 1192--1193
 [] 
 []

[34] [35 <C:/gestiongrados/gestiongrados/doc/memoria/memoria_pfc/imagenes/gesti
onaulas.png (PNG copy)>] [36]
<./imagenes/./modeloconceptual.png, id=1385, 913.4125pt x 825.0825pt>
File: ./imagenes/./modeloconceptual.png Graphic file (type png)

<use ./imagenes/./modeloconceptual.png>
Package pdftex.def Info: ./imagenes/./modeloconceptual.png used on input line 1
322.
(pdftex.def)             Requested size: 456.70514pt x 412.54024pt.

Overfull \hbox (3.73724pt too wide) in paragraph at lines 1322--1323
 [] 
 []

[37]
<./imagenes/./secuencia-reg-titulacion.png, id=1401, 849.1725pt x 415.5525pt>
File: ./imagenes/./secuencia-reg-titulacion.png Graphic file (type png)

<use ./imagenes/./secuencia-reg-titulacion.png>
Package pdftex.def Info: ./imagenes/./secuencia-reg-titulacion.png used on inpu
t line 1338.
(pdftex.def)             Requested size: 424.5852pt x 207.77574pt.

Underfull \vbox (badness 3701) has occurred while \output is active []

 [38 <C:/gestiongrados/gestiongrados/doc/memoria/memoria_pfc/imagenes/modelocon
ceptual.png (PNG copy)>]
<./imagenes/./secuencia-reg-asignatura.png, id=1407, 795.97375pt x 434.62375pt>
File: ./imagenes/./secuencia-reg-asignatura.png Graphic file (type png)
<use ./imagenes/./secuencia-reg-asignatura.png>
Package pdftex.def Info: ./imagenes/./secuencia-reg-asignatura.png used on inpu
t line 1356.
(pdftex.def)             Requested size: 397.9859pt x 217.31134pt.

Underfull \vbox (badness 10000) has occurred while \output is active []

 [39 <C:/gestiongrados/gestiongrados/doc/memoria/memoria_pfc/imagenes/secuencia
-reg-titulacion.png (PNG copy)>]
<./imagenes/./secuencia-edit-asignatura.png, id=1413, 814.04124pt x 769.87625pt
>
File: ./imagenes/./secuencia-edit-asignatura.png Graphic file (type png)
 <use ./imagenes/./secuencia-edit-asignatura.png>
Package pdftex.def Info: ./imagenes/./secuencia-edit-asignatura.png used on inp
ut line 1381.
(pdftex.def)             Requested size: 407.01962pt x 384.93718pt.

Underfull \vbox (badness 4303) has occurred while \output is active []

 [40 <C:/gestiongrados/gestiongrados/doc/memoria/memoria_pfc/imagenes/secuencia
-reg-asignatura.png (PNG copy)>]
<./imagenes/./secuencia-borrar-asignatura.png, id=1420, 838.13126pt x 641.39626
pt>
File: ./imagenes/./secuencia-borrar-asignatura.png Graphic file (type png)
 <use ./imagenes/./secuencia-borrar-asignatura.png>
Package pdftex.def Info: ./imagenes/./secuencia-borrar-asignatura.png used on i
nput line 1398.
(pdftex.def)             Requested size: 419.0646pt x 320.69734pt.

Underfull \vbox (badness 10000) has occurred while \output is active []

 [41 <C:/gestiongrados/gestiongrados/doc/memoria/memoria_pfc/imagenes/secuencia
-edit-asignatura.png (PNG copy)>]
<./imagenes/./secuencia-importar-asignatura.png, id=1426, 863.225pt x 381.425pt
>
File: ./imagenes/./secuencia-importar-asignatura.png Graphic file (type png)
 <use ./imagenes/./secuencia-importar-asignatura.png>
Package pdftex.def Info: ./imagenes/./secuencia-importar-asignatura.png used on
 input line 1407.
(pdftex.def)             Requested size: 431.61145pt x 190.71202pt.
 [42 <C:/gestiongrados/gestiongrados/doc/memoria/memoria_pfc/imagenes/secuencia
-borrar-asignatura.png (PNG copy)> <C:/gestiongrados/gestiongrados/doc/memoria/
memoria_pfc/imagenes/secuencia-importar-asignatura.png (PNG copy)>]
<./imagenes/./secuencia-crear-plandocente.png, id=1431, 815.045pt x 453.695pt>
File: ./imagenes/./secuencia-crear-plandocente.png Graphic file (type png)

<use ./imagenes/./secuencia-crear-plandocente.png>
Package pdftex.def Info: ./imagenes/./secuencia-crear-plandocente.png used on i
nput line 1424.
(pdftex.def)             Requested size: 407.5215pt x 226.84694pt.

<./imagenes/./secuencia-gen-informe.png, id=1432, 799.98875pt x 366.36874pt>
File: ./imagenes/./secuencia-gen-informe.png Graphic file (type png)

<use ./imagenes/./secuencia-gen-informe.png>
Package pdftex.def Info: ./imagenes/./secuencia-gen-informe.png used on input l
ine 1441.
(pdftex.def)             Requested size: 399.9934pt x 183.18391pt.

<./imagenes/./secuencia-crear-evento.png, id=1433, 882.29625pt x 370.38374pt>
File: ./imagenes/./secuencia-crear-evento.png Graphic file (type png)

<use ./imagenes/./secuencia-crear-evento.png>
Package pdftex.def Info: ./imagenes/./secuencia-crear-evento.png used on input 
line 1449.
(pdftex.def)             Requested size: 441.14705pt x 185.1914pt.

Underfull \vbox (badness 1028) has occurred while \output is active []

 [43 <C:/gestiongrados/gestiongrados/doc/memoria/memoria_pfc/imagenes/secuencia
-crear-plandocente.png (PNG copy)>] [44 <C:/gestiongrados/gestiongrados/doc/mem
oria/memoria_pfc/imagenes/secuencia-gen-informe.png (PNG copy)> <C:/gestiongrad
os/gestiongrados/doc/memoria/memoria_pfc/imagenes/secuencia-crear-evento.png (P
NG copy)>]
Overfull \hbox (14.16705pt too wide) in paragraph at lines 1468--1469
[]\T1/ptm/b/n/10.95 Postcondiciones: \T1/ptm/m/n/10.95 Se crea una ins-tan-cia 
E de Even-to con E.fecha_inicial = fe-cha_inicial, E.fecha_final
 []


<./imagenes/./secuencia-exportar-calendario.png, id=1446, 905.3825pt x 429.605p
t>
File: ./imagenes/./secuencia-exportar-calendario.png Graphic file (type png)
 <use ./imagenes/./secuencia-exportar-calendario.png>
Package pdftex.def Info: ./imagenes/./secuencia-exportar-calendario.png used on
 input line 1475.
(pdftex.def)             Requested size: 452.69014pt x 214.80197pt.

<./imagenes/./secuencia-seleccionar-grupo.png, id=1447, 646.415pt x 347.2975pt>
File: ./imagenes/./secuencia-seleccionar-grupo.png Graphic file (type png)
<use ./imagenes/./secuencia-seleccionar-grupo.png>
Package pdftex.def Info: ./imagenes/./secuencia-seleccionar-grupo.png used on i
nput line 1485.
(pdftex.def)             Requested size: 323.20671pt x 173.64832pt.
 [45 <C:/gestiongrados/gestiongrados/doc/memoria/memoria_pfc/imagenes/secuencia
-exportar-calendario.png (PNG copy)> <C:/gestiongrados/gestiongrados/doc/memori
a/memoria_pfc/imagenes/secuencia-seleccionar-grupo.png (PNG copy)>]
<./imagenes/./secuencia-anadir-grupo.png, id=1453, 645.41125pt x 299.1175pt>
File: ./imagenes/./secuencia-anadir-grupo.png Graphic file (type png)

<use ./imagenes/./secuencia-anadir-grupo.png>
Package pdftex.def Info: ./imagenes/./secuencia-anadir-grupo.png used on input 
line 1503.
(pdftex.def)             Requested size: 322.70483pt x 149.55838pt.

<./imagenes/./secuencia-borrar-grupo.png, id=1454, 651.43375pt x 339.2675pt>
File: ./imagenes/./secuencia-borrar-grupo.png Graphic file (type png)

<use ./imagenes/./secuencia-borrar-grupo.png>
Package pdftex.def Info: ./imagenes/./secuencia-borrar-grupo.png used on input 
line 1512.
(pdftex.def)             Requested size: 325.71606pt x 169.63333pt.

<./imagenes/./secuencia-ubicar-slot.png, id=1455, 580.1675pt x 529.98pt>
File: ./imagenes/./secuencia-ubicar-slot.png Graphic file (type png)

<use ./imagenes/./secuencia-ubicar-slot.png>
Package pdftex.def Info: ./imagenes/./secuencia-ubicar-slot.png used on input l
ine 1521.
(pdftex.def)             Requested size: 290.08302pt x 264.98933pt.
 [46 <C:/gestiongrados/gestiongrados/doc/memoria/memoria_pfc/imagenes/secuencia
-anadir-grupo.png (PNG copy)> <C:/gestiongrados/gestiongrados/doc/memoria/memor
ia_pfc/imagenes/secuencia-borrar-grupo.png (PNG copy)>]
<./imagenes/./secuencia-editar-tipo.png, id=1461, 617.30624pt x 418.56375pt>
File: ./imagenes/./secuencia-editar-tipo.png Graphic file (type png)

<use ./imagenes/./secuencia-editar-tipo.png>
Package pdftex.def Info: ./imagenes/./secuencia-editar-tipo.png used on input l
ine 1546.
(pdftex.def)             Requested size: 308.65236pt x 209.28136pt.

Underfull \vbox (badness 1231) has occurred while \output is active []

 [47 <C:/gestiongrados/gestiongrados/doc/memoria/memoria_pfc/imagenes/secuencia
-ubicar-slot.png (PNG copy)>]
<./imagenes/./secuencia-comprobar-grupo.png, id=1468, 645.41125pt x 256.96pt>
File: ./imagenes/./secuencia-comprobar-grupo.png Graphic file (type png)

<use ./imagenes/./secuencia-comprobar-grupo.png>
Package pdftex.def Info: ./imagenes/./secuencia-comprobar-grupo.png used on inp
ut line 1563.
(pdftex.def)             Requested size: 322.70483pt x 128.47968pt.

<./imagenes/./secuencia-crear-aula.png, id=1469, 600.2425pt x 305.14pt>
File: ./imagenes/./secuencia-crear-aula.png Graphic file (type png)

<use ./imagenes/./secuencia-crear-aula.png>
Package pdftex.def Info: ./imagenes/./secuencia-crear-aula.png used on input li
ne 1573.
(pdftex.def)             Requested size: 300.12051pt x 152.56961pt.
 [48 <C:/gestiongrados/gestiongrados/doc/memoria/memoria_pfc/imagenes/secuencia
-editar-tipo.png (PNG copy)> <C:/gestiongrados/gestiongrados/doc/memoria/memori
a_pfc/imagenes/secuencia-comprobar-grupo.png (PNG copy)>]
<./imagenes/./secuencia-borrar-aula.png, id=1475, 625.33624pt x 321.2pt>
File: ./imagenes/./secuencia-borrar-aula.png Graphic file (type png)

<use ./imagenes/./secuencia-borrar-aula.png>
Package pdftex.def Info: ./imagenes/./secuencia-borrar-aula.png used on input l
ine 1590.
(pdftex.def)             Requested size: 312.66736pt x 160.59961pt.
 [49 <C:/gestiongrados/gestiongrados/doc/memoria/memoria_pfc/imagenes/secuencia
-crear-aula.png (PNG copy)> <C:/gestiongrados/gestiongrados/doc/memoria/memoria
_pfc/imagenes/secuencia-borrar-aula.png (PNG copy)>]
<./imagenes/./secuencia-editar-aula.png, id=1483, 626.34pt x 323.2075pt>
File: ./imagenes/./secuencia-editar-aula.png Graphic file (type png)

<use ./imagenes/./secuencia-editar-aula.png>
Package pdftex.def Info: ./imagenes/./secuencia-editar-aula.png used on input l
ine 1607.
(pdftex.def)             Requested size: 313.16922pt x 161.60335pt.
) [50 <C:/gestiongrados/gestiongrados/doc/memoria/memoria_pfc/imagenes/secuenci
a-editar-aula.png (PNG copy)>]
Cap\'{\i }tulo 5.
(C:\gestiongrados\gestiongrados\doc\memoria\memoria_pfc\diseno.tex
Underfull \hbox (badness 10000) in paragraph at lines 1--2

 []


Underfull \hbox (badness 10000) in paragraph at lines 3--4

 []

[51

] [52] [53] [54]
<./imagenes/./ER.png, id=1504, 2478.43588pt x 1771.32353pt>
File: ./imagenes/./ER.png Graphic file (type png)

<use ./imagenes/./ER.png>
Package pdftex.def Info: ./imagenes/./ER.png used on input line 170.
(pdftex.def)             Requested size: 619.60747pt x 442.8298pt.
 [55]
Underfull \vbox (badness 10000) has occurred while \output is active []

 [56]
Overfull \vbox (11.6987pt too high) has occurred while \output is active []


[57 <C:/gestiongrados/gestiongrados/doc/memoria/memoria_pfc/imagenes/ER.png>]
(C:\gestiongrados\gestiongrados\doc\memoria\memoria_pfc\pfc_development.tex
LaTeX Font Info:    Font shape `T1/ptm/bx/it' in size <10.95> not available
(Font)              Font shape `T1/ptm/b/it' tried instead on input line 27.

[58]
Overfull \hbox (59.41829pt too wide) in alignment at lines 115--118
 [] [] [] [] 
 []


Overfull \hbox (59.41829pt too wide) in alignment at lines 118--120
 [] [] [] [] 
 []


Overfull \hbox (59.41829pt too wide) in alignment at lines 120--120
 [] [] [] [] 
 []


Overfull \hbox (59.41829pt too wide) in alignment at lines 120--139
 [] [] [] [] 
 []


Overfull \hbox (8.00871pt too wide) in alignment at lines 145--148
 [] [] [] [] [] 
 []


Overfull \hbox (8.00871pt too wide) in alignment at lines 148--150
 [] [] [] [] [] 
 []


Overfull \hbox (8.00871pt too wide) in alignment at lines 150--150
 [] [] [] [] [] 
 []


Overfull \hbox (8.00871pt too wide) in alignment at lines 150--153
 [] [] [] [] [] 
 []

[59]
Overfull \hbox (59.86761pt too wide) in alignment at lines 160--163
 [] [] [] [] [] 
 []


Overfull \hbox (59.86761pt too wide) in alignment at lines 163--165
 [] [] [] [] [] 
 []


Overfull \hbox (59.86761pt too wide) in alignment at lines 165--165
 [] [] [] [] [] 
 []


Overfull \hbox (59.86761pt too wide) in alignment at lines 165--173
 [] [] [] [] [] 
 []


Overfull \hbox (47.12172pt too wide) in alignment at lines 181--184
 [] [] [] [] [] 
 []


Overfull \hbox (47.12172pt too wide) in alignment at lines 184--186
 [] [] [] [] [] 
 []


Overfull \hbox (47.12172pt too wide) in alignment at lines 186--186
 [] [] [] [] [] 
 []


Overfull \hbox (47.12172pt too wide) in alignment at lines 186--194
 [] [] [] [] [] 
 []


Overfull \hbox (39.5336pt too wide) in alignment at lines 217--220
 [] [] [] [] [] 
 []


Overfull \hbox (39.5336pt too wide) in alignment at lines 220--222
 [] [] [] [] [] 
 []


Overfull \hbox (39.5336pt too wide) in alignment at lines 222--222
 [] [] [] [] [] 
 []


Overfull \hbox (39.5336pt too wide) in alignment at lines 222--234
 [] [] [] [] [] 
 []

[60] [61]
Overfull \hbox (70.16035pt too wide) in alignment at lines 295--298
 [] [] [] [] [] 
 []


Overfull \hbox (70.16035pt too wide) in alignment at lines 298--300
 [] [] [] [] [] 
 []


Overfull \hbox (70.16035pt too wide) in alignment at lines 300--300
 [] [] [] [] [] 
 []


Overfull \hbox (70.16035pt too wide) in alignment at lines 300--309
 [] [] [] [] [] 
 []

)) [62]
Cap\'{\i }tulo 6.
(C:\gestiongrados\gestiongrados\doc\memoria\memoria_pfc\implementacion.tex
Underfull \hbox (badness 10000) in paragraph at lines 5--6

 []


Underfull \hbox (badness 10000) in paragraph at lines 7--8

 []


Underfull \hbox (badness 10000) in paragraph at lines 9--11

 []


Underfull \hbox (badness 10000) in paragraph at lines 12--13

 []


Underfull \hbox (badness 10000) in paragraph at lines 14--15

 []


Underfull \hbox (badness 10000) in paragraph at lines 16--17

 []


Underfull \hbox (badness 10000) in paragraph at lines 18--19

 []

[63

]
Underfull \hbox (badness 10000) in paragraph at lines 20--21

 []


Underfull \hbox (badness 10000) in paragraph at lines 37--38

 []


Underfull \hbox (badness 10000) in paragraph at lines 39--40

 []


Underfull \hbox (badness 10000) in paragraph at lines 41--42

 []


Underfull \hbox (badness 10000) in paragraph at lines 43--44

 []


Underfull \hbox (badness 10000) in paragraph at lines 45--46

 []

[64]
Underfull \hbox (badness 10000) in paragraph at lines 51--52

 []

[65]
Underfull \hbox (badness 10000) in paragraph at lines 139--140

 []

[66] <./imagenes/./layout.png, id=1649, 1214.28656pt x 437.38406pt>
File: ./imagenes/./layout.png Graphic file (type png)

<use ./imagenes/./layout.png>
Package pdftex.def Info: ./imagenes/./layout.png used on input line 183.
(pdftex.def)             Requested size: 485.70602pt x 174.95052pt.

Overfull \hbox (32.73813pt too wide) in paragraph at lines 183--184
 [] 
 []


Underfull \vbox (badness 10000) has occurred while \output is active []

 [67]
Underfull \hbox (badness 10000) in paragraph at lines 188--189

 []

<./imagenes/./index-titulaciones.png, id=1684, 853.68938pt x 504.38437pt>
File: ./imagenes/./index-titulaciones.png Graphic file (type png)

<use ./imagenes/./index-titulaciones.png>
Package pdftex.def Info: ./imagenes/./index-titulaciones.png used on input line
 195.
(pdftex.def)             Requested size: 486.608pt x 287.50208pt.

Overfull \hbox (33.6401pt too wide) in paragraph at lines 195--196
 [] 
 []

[68 <C:/gestiongrados/gestiongrados/doc/memoria/memoria_pfc/imagenes/layout.png
> <C:/gestiongrados/gestiongrados/doc/memoria/memoria_pfc/imagenes/index-titula
ciones.png>]
<./imagenes/./edit-horario.png, id=1691, 874.01532pt x 691.08188pt>
File: ./imagenes/./edit-horario.png Graphic file (type png)

<use ./imagenes/./edit-horario.png>
Package pdftex.def Info: ./imagenes/./edit-horario.png used on input line 205.
(pdftex.def)             Requested size: 498.19392pt x 393.92076pt.

Overfull \hbox (45.22603pt too wide) in paragraph at lines 205--206
 [] 
 []


Underfull \hbox (badness 10000) in paragraph at lines 210--211

 []

) [69 <C:/gestiongrados/gestiongrados/doc/memoria/memoria_pfc/imagenes/edit-hor
ario.png>] [70

]
Cap\'{\i }tulo 7.
(C:\gestiongrados\gestiongrados\doc\memoria\memoria_pfc\pruebas.tex
Underfull \hbox (badness 10000) in paragraph at lines 1--2

 []


Underfull \hbox (badness 10000) in paragraph at lines 23--24

 []

[71]
Underfull \hbox (badness 10000) in paragraph at lines 25--26

 []


Underfull \hbox (badness 10000) in paragraph at lines 27--28

 []


Underfull \hbox (badness 10000) in paragraph at lines 29--30

 []


Underfull \hbox (badness 10000) in paragraph at lines 31--32

 []


Underfull \hbox (badness 10000) in paragraph at lines 33--34

 []


Underfull \hbox (badness 10000) in paragraph at lines 35--36

 []


Underfull \hbox (badness 10000) in paragraph at lines 37--38

 []


Underfull \hbox (badness 10000) in paragraph at lines 39--40

 []

[72]
Underfull \hbox (badness 10000) in paragraph at lines 63--64

 []

) [73] [74

]
Cap\'{\i }tulo 8.
(C:\gestiongrados\gestiongrados\doc\memoria\memoria_pfc\conclusiones.tex
Underfull \hbox (badness 10000) in paragraph at lines 5--6

 []


Underfull \hbox (badness 10000) in paragraph at lines 7--8

 []


Underfull \hbox (badness 10000) in paragraph at lines 9--10

 []


Underfull \hbox (badness 10000) in paragraph at lines 11--12

 []


Underfull \hbox (badness 10000) in paragraph at lines 17--18

 []

[75]
Underfull \hbox (badness 10000) in paragraph at lines 19--20

 []

) [76]
Ap\'{e}ndice A.
(C:\gestiongrados\gestiongrados\doc\memoria\memoria_pfc\herramientas.tex
Underfull \hbox (badness 10000) in paragraph at lines 3--4

 []


Underfull \hbox (badness 10000) in paragraph at lines 5--6

 []


Underfull \hbox (badness 10000) in paragraph at lines 7--8

 []


Underfull \hbox (badness 10000) in paragraph at lines 19--22

 []

[77

]
Underfull \hbox (badness 10000) in paragraph at lines 27--28

 []

) [78]
Ap\'{e}ndice B.
(C:\gestiongrados\gestiongrados\doc\memoria\memoria_pfc\instalacion.tex
[79

] [80]) [81] [82

]
Ap\'{e}ndice C.
(C:\gestiongrados\gestiongrados\doc\memoria\memoria_pfc\manual-usuario.tex
Underfull \hbox (badness 10000) in paragraph at lines 3--4

 []

<./imagenes/./manual-bienvenida.png, id=1773, 1014.03844pt x 271.0125pt>
File: ./imagenes/./manual-bienvenida.png Graphic file (type png)

<use ./imagenes/./manual-bienvenida.png>
Package pdftex.def Info: ./imagenes/./manual-bienvenida.png used on input line 
8.
(pdftex.def)             Requested size: 405.60818pt x 108.40306pt.

Underfull \hbox (badness 10000) in paragraph at lines 17--18

 []

<./imagenes/./manual-ventana-login.png, id=1774, 287.57437pt x 244.66406pt>
File: ./imagenes/./manual-ventana-login.png Graphic file (type png)

<use ./imagenes/./manual-ventana-login.png>
Package pdftex.def Info: ./imagenes/./manual-ventana-login.png used on input li
ne 22.
(pdftex.def)             Requested size: 215.68025pt x 183.49759pt.

Underfull \vbox (badness 10000) has occurred while \output is active []

 [83 <C:/gestiongrados/gestiongrados/doc/memoria/memoria_pfc/imagenes/manual-bi
envenida.png>] <./imagenes/./menu-user-admin.png, id=1780, 161.10187pt x 124.96
687pt>
File: ./imagenes/./menu-user-admin.png Graphic file (type png)

<use ./imagenes/./menu-user-admin.png>
Package pdftex.def Info: ./imagenes/./menu-user-admin.png used on input line 37
.
(pdftex.def)             Requested size: 144.99033pt x 112.46915pt.

Underfull \hbox (badness 10000) in paragraph at lines 44--45

 []


Underfull \hbox (badness 10000) in paragraph at lines 46--47

 []

<./imagenes/./manual-form-add-user.png, id=1781, 331.99031pt x 274.02374pt>
File: ./imagenes/./manual-form-add-user.png Graphic file (type png)

<use ./imagenes/./manual-form-add-user.png>
Package pdftex.def Info: ./imagenes/./manual-form-add-user.png used on input li
ne 53.
(pdftex.def)             Requested size: 265.59259pt x 219.21928pt.
 [84 <C:/gestiongrados/gestiongrados/doc/memoria/memoria_pfc/imagenes/manual-ve
ntana-login.png> <C:/gestiongrados/gestiongrados/doc/memoria/memoria_pfc/imagen
es/menu-user-admin.png>]
Underfull \hbox (badness 10000) in paragraph at lines 59--60

 []


Underfull \hbox (badness 10000) in paragraph at lines 61--62

 []


Underfull \hbox (badness 10000) in paragraph at lines 63--64

 []

<./imagenes/./manual-lista-users.png, id=1790, 245.41687pt x 196.48407pt>
File: ./imagenes/./manual-lista-users.png Graphic file (type png)

<use ./imagenes/./manual-lista-users.png>
Package pdftex.def Info: ./imagenes/./manual-lista-users.png used on input line
 70.
(pdftex.def)             Requested size: 196.33376pt x 157.18745pt.

Underfull \vbox (badness 2359) has occurred while \output is active []

 [85 <C:/gestiongrados/gestiongrados/doc/memoria/memoria_pfc/imagenes/manual-fo
rm-add-user.png> <C:/gestiongrados/gestiongrados/doc/memoria/memoria_pfc/imagen
es/manual-lista-users.png>]
Underfull \hbox (badness 10000) in paragraph at lines 86--87

 []

<./imagenes/./manual-form-add-titu.png, id=1800, 334.24875pt x 176.91093pt>
File: ./imagenes/./manual-form-add-titu.png Graphic file (type png)

<use ./imagenes/./manual-form-add-titu.png>
Package pdftex.def Info: ./imagenes/./manual-form-add-titu.png used on input li
ne 94.
(pdftex.def)             Requested size: 267.39935pt x 141.52893pt.
 [86 <C:/gestiongrados/gestiongrados/doc/memoria/memoria_pfc/imagenes/manual-fo
rm-add-titu.png>]
Underfull \hbox (badness 10000) in paragraph at lines 114--115

 []


Underfull \hbox (badness 10000) in paragraph at lines 116--117

 []


Underfull \hbox (badness 10000) in paragraph at lines 125--126

 []


Underfull \hbox (badness 10000) in paragraph at lines 130--131

 []


Underfull \hbox (badness 10000) in paragraph at lines 136--137

 []

[87]
Underfull \hbox (badness 10000) in paragraph at lines 150--152

 []


Underfull \hbox (badness 10000) in paragraph at lines 153--154

 []

<./imagenes/./manual-add-plan.png, id=1820, 644.4075pt x 239.39438pt>
File: ./imagenes/./manual-add-plan.png Graphic file (type png)

<use ./imagenes/./manual-add-plan.png>
Package pdftex.def Info: ./imagenes/./manual-add-plan.png used on input line 16
0.
(pdftex.def)             Requested size: 451.08218pt x 167.5749pt.
 [88 <C:/gestiongrados/gestiongrados/doc/memoria/memoria_pfc/imagenes/manual-ad
d-plan.png>]
<./imagenes/./manual-visualizacion-plan.png, id=1830, 718.93594pt x 209.28188pt
>
File: ./imagenes/./manual-visualizacion-plan.png Graphic file (type png)
 <use ./imagenes/./manual-visualizacion-plan.png>
Package pdftex.def Info: ./imagenes/./manual-visualizacion-plan.png used on inp
ut line 177.
(pdftex.def)             Requested size: 467.30283pt x 136.03159pt.

Overfull \hbox (14.33493pt too wide) in paragraph at lines 177--178
 [] 
 []


Underfull \hbox (badness 10000) in paragraph at lines 184--185

 []


Underfull \hbox (badness 10000) in paragraph at lines 186--187

 []


Underfull \hbox (badness 10000) in paragraph at lines 188--189

 []


LaTeX Warning: Hyper reference `manual_calculo_horas' on page 89 undefined on i
nput line 190.

<./imagenes/./manual-calendario.png, id=1831, 871.75688pt x 346.29375pt>
File: ./imagenes/./manual-calendario.png Graphic file (type png)

<use ./imagenes/./manual-calendario.png>
Package pdftex.def Info: ./imagenes/./manual-calendario.png used on input line 
197.
(pdftex.def)             Requested size: 435.87738pt x 173.14644pt.

Underfull \vbox (badness 10000) has occurred while \output is active []

 [89 <C:/gestiongrados/gestiongrados/doc/memoria/memoria_pfc/imagenes/manual-vi
sualizacion-plan.png>]
Underfull \hbox (badness 10000) in paragraph at lines 210--211

 []

<./imagenes/./manual-seleccion-grupos.png, id=1838, 885.3075pt x 267.24844pt>
File: ./imagenes/./manual-seleccion-grupos.png Graphic file (type png)

<use ./imagenes/./manual-seleccion-grupos.png>
Package pdftex.def Info: ./imagenes/./manual-seleccion-grupos.png used on input
 line 216.
(pdftex.def)             Requested size: 442.65266pt x 133.62389pt.

Underfull \hbox (badness 10000) in paragraph at lines 221--222

 []


Underfull \hbox (badness 10000) in paragraph at lines 223--225

 []

[90 <C:/gestiongrados/gestiongrados/doc/memoria/memoria_pfc/imagenes/manual-cal
endario.png> <C:/gestiongrados/gestiongrados/doc/memoria/memoria_pfc/imagenes/m
anual-seleccion-grupos.png>]
<./imagenes/./manual-configuracion-horario.png, id=1846, 867.99281pt x 560.8453
pt>
File: ./imagenes/./manual-configuracion-horario.png Graphic file (type png)
 <use ./imagenes/./manual-configuracion-horario.png>
Package pdftex.def Info: ./imagenes/./manual-configuracion-horario.png used on 
input line 229.
(pdftex.def)             Requested size: 433.99535pt x 280.42197pt.

Underfull \hbox (badness 10000) in paragraph at lines 234--235

 []

[91 <C:/gestiongrados/gestiongrados/doc/memoria/memoria_pfc/imagenes/manual-con
figuracion-horario.png>]
<./imagenes/./manual-informe.png, id=1854, 1091.57813pt x 702.37407pt>
File: ./imagenes/./manual-informe.png Graphic file (type png)

<use ./imagenes/./manual-informe.png>
Package pdftex.def Info: ./imagenes/./manual-informe.png used on input line 254
.
(pdftex.def)             Requested size: 327.47597pt x 210.71384pt.

Underfull \hbox (badness 10000) in paragraph at lines 261--262

 []


Underfull \hbox (badness 10000) in paragraph at lines 263--264

 []


Package caption Warning: \label without proper \caption on input line 175.
See the caption package documentation for explanation.


LaTeX Warning: Reference `manual-visualizacion-plan' on page 92 undefined on in
put line 267.


Underfull \hbox (badness 10000) in paragraph at lines 271--272

 []


Underfull \vbox (badness 2591) has occurred while \output is active []

 [92 <C:/gestiongrados/gestiongrados/doc/memoria/memoria_pfc/imagenes/manual-in
forme.png>]
Underfull \hbox (badness 10000) in paragraph at lines 273--274

 []

<./imagenes/./alumno-seleccion-grupos.png, id=1864, 540.51938pt x 92.59593pt>
File: ./imagenes/./alumno-seleccion-grupos.png Graphic file (type png)

<use ./imagenes/./alumno-seleccion-grupos.png>
Package pdftex.def Info: ./imagenes/./alumno-seleccion-grupos.png used on input
 line 279.
(pdftex.def)             Requested size: 378.36098pt x 64.8167pt.

Underfull \hbox (badness 10000) in paragraph at lines 284--285

 []

) [93 <C:/gestiongrados/gestiongrados/doc/memoria/memoria_pfc/imagenes/alumno-s
eleccion-grupos.png>] [94

]
Ap\'{e}ndice D.

(C:\gestiongrados\gestiongrados\doc\memoria\memoria_pfc\importacion-asignaturas
.tex [95]) [96]
Ap\'{e}ndice E.

(C:\gestiongrados\gestiongrados\doc\memoria\memoria_pfc\importacion-plandocente
.tex
Overfull \hbox (66.06148pt too wide) in paragraph at lines 7--7
[]\T1/pcr/m/n/10.95 id_asignatura, id_actividad, horas, horas_semanales, grupos
, alternas, id_curso[] 
 []


Overfull \hbox (66.06148pt too wide) in paragraph at lines 19--19
[]\T1/pcr/m/n/10.95 id_asignatura, id_actividad, horas, horas_semanales, grupos
, alternas, id_curso[] 
 []

) [97

] [98

]
Ap\'{e}ndice F.
(C:\gestiongrados\gestiongrados\doc\memoria\memoria_pfc\informes.tex [99]
Underfull \vbox (badness 10000) has occurred while \output is active []

 [100]
<./imagenes/./horario-export.png, id=1899, 319.1925pt x 286.06876pt>
File: ./imagenes/./horario-export.png Graphic file (type png)

<use ./imagenes/./horario-export.png>
Package pdftex.def Info: ./imagenes/./horario-export.png used on input line 135
.
(pdftex.def)             Requested size: 319.19171pt x 286.06805pt.

Underfull \vbox (badness 10000) has occurred while \output is active []

 [101]
[102 <C:/gestiongrados/gestiongrados/doc/memoria/memoria_pfc/imagenes/horario-e
xport.png>] <./imagenes/./aula-export.png, id=1909, 338.01282pt x 394.47375pt>
File: ./imagenes/./aula-export.png Graphic file (type png)

<use ./imagenes/./aula-export.png>
Package pdftex.def Info: ./imagenes/./aula-export.png used on input line 183.
(pdftex.def)             Requested size: 338.01198pt x 394.47278pt.

<./imagenes/./informe-pdf-asignatura.png, id=1910, 392.21532pt x 411.03563pt>
File: ./imagenes/./informe-pdf-asignatura.png Graphic file (type png)

<use ./imagenes/./informe-pdf-asignatura.png>
Package pdftex.def Info: ./imagenes/./informe-pdf-asignatura.png used on input 
line 195.
(pdftex.def)             Requested size: 392.21436pt x 411.03462pt.

Underfull \vbox (badness 2351) has occurred while \output is active []

 [103 <C:/gestiongrados/gestiongrados/doc/memoria/memoria_pfc/imagenes/aula-exp
ort.png>])
[104 <C:/gestiongrados/gestiongrados/doc/memoria/memoria_pfc/imagenes/informe-p
df-asignatura.png>]
(C:\gestiongrados\gestiongrados\doc\memoria\memoria_pfc\bibliografia.tex
Underfull \hbox (badness 10000) in paragraph at lines 17--18
[][]$\T1/pcr/m/n/10.95 http : / / osl2 . uca . es / wikiformacion / index . php
 / LaTeX _ para _ Proyecto _$
 []

) (C:\gestiongrados\gestiongrados\doc\memoria\memoria_pfc\fdl-1.3.tex [105


]
[106

] [107] [108] [109] [110] [111] [112])
Package atveryend Info: Empty hook `BeforeClearDocument' on input line 105.
 [113]
Package atveryend Info: Empty hook `AfterLastShipout' on input line 105.

(C:\gestiongrados\gestiongrados\doc\memoria\memoria_pfc\memoria.aux)
Package atveryend Info: Executing hook `AtVeryEndDocument' on input line 105.
Package atveryend Info: Executing hook `AtEndAfterFileList' on input line 105.
Package rerunfilecheck Info: File `memoria.out' has not changed.
(rerunfilecheck)             Checksum: B4D73C11A548CE87EA2AD01B42B17FA2;9832.


LaTeX Warning: There were undefined references.


LaTeX Warning: There were multiply-defined labels.

 ) 
Here is how much of TeX's memory you used:
 21935 strings out of 494045
 374963 string characters out of 3145971
 897102 words of memory out of 3000000
 23878 multiletter control sequences out of 15000+200000
 65985 words of font info for 85 fonts, out of 3000000 for 9000
 715 hyphenation exceptions out of 8191
 63i,9n,57p,1121b,3000s stack positions out of 5000i,500n,10000p,200000b,50000s
{C:/Program Files (x86)/MiKTeX 2.9/fonts/enc/dvips/fontname/8r.enc}<C:/Progra
m Files (x86)/MiKTeX 2.9/fonts/type1/public/amsfonts/cm/cmsy10.pfb><C:/Program 
Files (x86)/MiKTeX 2.9/fonts/type1/urw/courier/ucrb8a.pfb><C:/Program Files (x8
6)/MiKTeX 2.9/fonts/type1/urw/courier/ucrr8a.pfb><C:/Program Files (x86)/MiKTeX
 2.9/fonts/type1/urw/times/utmb8a.pfb><C:/Program Files (x86)/MiKTeX 2.9/fonts/
type1/urw/times/utmbi8a.pfb><C:/Program Files (x86)/MiKTeX 2.9/fonts/type1/urw/
times/utmr8a.pfb><C:/Program Files (x86)/MiKTeX 2.9/fonts/type1/urw/times/utmri
8a.pfb>
Output written on memoria.pdf (131 pages, 1533237 bytes).
PDF statistics:
 2177 PDF objects out of 2487 (max. 8388607)
 845 named destinations out of 1000 (max. 500000)
 1311 words of extra memory for PDF output out of 10000 (max. 10000000)

