\BOOKMARK [1][-]{section.1}{Introducci\363n y motivaciones}{}% 1
\BOOKMARK [1][-]{section.2}{Objetivos}{}% 2
\BOOKMARK [2][-]{subsection.2.1}{Fase inicial}{section.2}% 3
\BOOKMARK [2][-]{subsection.2.2}{Fase de an\341lisis}{section.2}% 4
\BOOKMARK [2][-]{subsection.2.3}{Fase de aprendizaje}{section.2}% 5
\BOOKMARK [2][-]{subsection.2.4}{Fase de dise\361o}{section.2}% 6
\BOOKMARK [2][-]{subsection.2.5}{Implementaci\363n}{section.2}% 7
\BOOKMARK [2][-]{subsection.2.6}{Pruebas}{section.2}% 8
\BOOKMARK [2][-]{subsection.2.7}{Redacci\363n de la memoria}{section.2}% 9
\BOOKMARK [2][-]{subsection.2.8}{Diagrama de Gantt}{section.2}% 10
\BOOKMARK [1][-]{section.3}{Descripci\363n general}{}% 11
\BOOKMARK [2][-]{subsection.3.1}{Descripci\363n}{section.3}% 12
\BOOKMARK [2][-]{subsection.3.2}{Perfiles de usuario}{section.3}% 13
\BOOKMARK [3][-]{subsubsection.3.2.1}{Perfil Administrador}{subsection.3.2}% 14
\BOOKMARK [3][-]{subsubsection.3.2.2}{Perfil Planificador}{subsection.3.2}% 15
\BOOKMARK [3][-]{subsubsection.3.2.3}{Perfil Profesor}{subsection.3.2}% 16
\BOOKMARK [3][-]{subsubsection.3.2.4}{Perfil Alumno}{subsection.3.2}% 17
\BOOKMARK [2][-]{subsection.3.3}{Interfaz de usuario}{section.3}% 18
\BOOKMARK [2][-]{subsection.3.4}{Software}{section.3}% 19
\BOOKMARK [1][-]{section.4}{Implementaci\363n}{}% 20
\BOOKMARK [2][-]{subsection.4.1}{Lenguajes}{section.4}% 21
\BOOKMARK [2][-]{subsection.4.2}{Extensiones y librer\355as}{section.4}% 22
\BOOKMARK [2][-]{subsection.4.3}{Herramientas utilizadas}{section.4}% 23
\BOOKMARK [2][-]{subsection.4.4}{Detalles de la implementaci\363n de la arquitectura del sistema}{section.4}% 24
\BOOKMARK [3][-]{subsubsection.4.4.1}{Capa modelo}{subsection.4.4}% 25
\BOOKMARK [2][-]{subsection.4.5}{Capa controlador}{section.4}% 26
\BOOKMARK [2][-]{subsection.4.6}{Capa vista}{section.4}% 27
\BOOKMARK [1][-]{section.5}{Tecnolog\355as implicadas}{}% 28
\BOOKMARK [2][-]{subsection.5.1}{Lenguaje de programaci\363n}{section.5}% 29
\BOOKMARK [2][-]{subsection.5.2}{Entorno de desarrollo}{section.5}% 30
\BOOKMARK [2][-]{subsection.5.3}{Redacci\363n de la memoria y resumen}{section.5}% 31
\BOOKMARK [2][-]{subsection.5.4}{Ediciones r\341pidas de c\363digo}{section.5}% 32
\BOOKMARK [2][-]{subsection.5.5}{Herramienta UML}{section.5}% 33
\BOOKMARK [2][-]{subsection.5.6}{Planificaci\363n}{section.5}% 34
\BOOKMARK [1][-]{section.6}{Conclusiones}{}% 35
\BOOKMARK [2][-]{subsection.6.1}{Opini\363n personal}{section.6}% 36
\BOOKMARK [1][-]{section.7}{Ampliaciones futuras}{}% 37
